mode: atomic
github.com/whicu/hsa/internal/application/auth.go:22.45,24.2 1 15
github.com/whicu/hsa/internal/application/auth.go:39.47,41.2 1 15
github.com/whicu/hsa/internal/application/begin_invite_registration.go:33.28,41.2 1 6
github.com/whicu/hsa/internal/application/begin_invite_registration.go:43.143,49.16 4 6
github.com/whicu/hsa/internal/application/begin_invite_registration.go:49.16,54.3 2 1
github.com/whicu/hsa/internal/application/begin_invite_registration.go:56.2,57.16 2 5
github.com/whicu/hsa/internal/application/begin_invite_registration.go:57.16,62.3 2 1
github.com/whicu/hsa/internal/application/begin_invite_registration.go:64.2,64.18 1 4
github.com/whicu/hsa/internal/application/begin_invite_registration.go:64.18,69.3 2 1
github.com/whicu/hsa/internal/application/begin_invite_registration.go:71.2,71.24 1 3
github.com/whicu/hsa/internal/application/begin_invite_registration.go:71.24,77.3 2 1
github.com/whicu/hsa/internal/application/begin_invite_registration.go:79.2,82.16 3 2
github.com/whicu/hsa/internal/application/begin_invite_registration.go:82.16,89.3 2 1
github.com/whicu/hsa/internal/application/begin_invite_registration.go:91.2,96.25 2 1
github.com/whicu/hsa/internal/application/begin_login.go:13.79,18.2 1 9
github.com/whicu/hsa/internal/application/begin_login.go:20.91,24.16 3 2
github.com/whicu/hsa/internal/application/begin_login.go:24.16,29.3 2 1
github.com/whicu/hsa/internal/application/begin_login.go:31.2,33.25 2 1
github.com/whicu/hsa/internal/application/create_invite.go:40.17,50.2 1 7
github.com/whicu/hsa/internal/application/create_invite.go:52.104,59.16 4 7
github.com/whicu/hsa/internal/application/create_invite.go:59.16,65.3 2 1
github.com/whicu/hsa/internal/application/create_invite.go:67.2,67.50 1 6
github.com/whicu/hsa/internal/application/create_invite.go:67.50,74.3 2 2
github.com/whicu/hsa/internal/application/create_invite.go:76.2,77.16 2 4
github.com/whicu/hsa/internal/application/create_invite.go:77.16,83.3 2 1
github.com/whicu/hsa/internal/application/create_invite.go:85.2,92.16 2 3
github.com/whicu/hsa/internal/application/create_invite.go:92.16,98.3 2 0
github.com/whicu/hsa/internal/application/create_invite.go:100.2,100.49 1 3
github.com/whicu/hsa/internal/application/create_invite.go:100.49,107.3 2 1
github.com/whicu/hsa/internal/application/create_invite.go:109.2,115.35 2 2
github.com/whicu/hsa/internal/application/finish_invite_registration.go:67.29,80.2 1 7
github.com/whicu/hsa/internal/application/finish_invite_registration.go:89.42,91.2 1 1
github.com/whicu/hsa/internal/application/finish_invite_registration.go:102.57,104.2 1 15
github.com/whicu/hsa/internal/application/finish_invite_registration.go:112.59,114.2 1 15
github.com/whicu/hsa/internal/application/finish_invite_registration.go:116.141,121.20 3 6
github.com/whicu/hsa/internal/application/finish_invite_registration.go:121.20,124.3 2 1
github.com/whicu/hsa/internal/application/finish_invite_registration.go:126.2,126.62 1 5
github.com/whicu/hsa/internal/application/finish_invite_registration.go:126.62,132.3 2 0
github.com/whicu/hsa/internal/application/finish_invite_registration.go:134.2,137.16 3 5
github.com/whicu/hsa/internal/application/finish_invite_registration.go:137.16,140.3 2 1
github.com/whicu/hsa/internal/application/finish_invite_registration.go:142.2,144.76 2 4
github.com/whicu/hsa/internal/application/finish_invite_registration.go:144.76,146.19 2 4
github.com/whicu/hsa/internal/application/finish_invite_registration.go:146.19,148.4 1 2
github.com/whicu/hsa/internal/application/finish_invite_registration.go:150.3,151.19 2 2
github.com/whicu/hsa/internal/application/finish_invite_registration.go:151.19,153.4 1 0
github.com/whicu/hsa/internal/application/finish_invite_registration.go:155.3,155.92 1 2
github.com/whicu/hsa/internal/application/finish_invite_registration.go:155.92,157.4 1 1
github.com/whicu/hsa/internal/application/finish_invite_registration.go:159.3,160.19 2 1
github.com/whicu/hsa/internal/application/finish_invite_registration.go:160.19,163.4 2 0
github.com/whicu/hsa/internal/application/finish_invite_registration.go:165.3,166.13 2 1
github.com/whicu/hsa/internal/application/finish_invite_registration.go:169.2,169.16 1 4
github.com/whicu/hsa/internal/application/finish_invite_registration.go:169.16,176.3 2 3
github.com/whicu/hsa/internal/application/finish_invite_registration.go:178.2,184.18 2 1
github.com/whicu/hsa/internal/application/finish_invite_registration.go:189.156,191.16 2 4
github.com/whicu/hsa/internal/application/finish_invite_registration.go:191.16,192.41 1 1
github.com/whicu/hsa/internal/application/finish_invite_registration.go:192.41,195.4 2 1
github.com/whicu/hsa/internal/application/finish_invite_registration.go:196.3,197.18 2 0
github.com/whicu/hsa/internal/application/finish_invite_registration.go:200.2,200.47 1 3
github.com/whicu/hsa/internal/application/finish_invite_registration.go:200.47,203.3 2 1
github.com/whicu/hsa/internal/application/finish_invite_registration.go:205.2,205.49 1 2
github.com/whicu/hsa/internal/application/finish_invite_registration.go:205.49,208.3 2 0
github.com/whicu/hsa/internal/application/finish_invite_registration.go:210.2,210.17 1 2
github.com/whicu/hsa/internal/application/finish_invite_registration.go:213.188,215.16 2 2
github.com/whicu/hsa/internal/application/finish_invite_registration.go:215.16,218.3 2 0
github.com/whicu/hsa/internal/application/finish_invite_registration.go:220.2,220.45 1 2
github.com/whicu/hsa/internal/application/finish_invite_registration.go:220.45,223.3 2 0
github.com/whicu/hsa/internal/application/finish_invite_registration.go:225.2,227.16 3 2
github.com/whicu/hsa/internal/application/finish_invite_registration.go:227.16,230.3 2 0
github.com/whicu/hsa/internal/application/finish_invite_registration.go:231.2,231.63 1 2
github.com/whicu/hsa/internal/application/finish_invite_registration.go:231.63,234.3 2 0
github.com/whicu/hsa/internal/application/finish_invite_registration.go:236.2,236.54 1 2
github.com/whicu/hsa/internal/application/finish_invite_registration.go:236.54,239.3 2 0
github.com/whicu/hsa/internal/application/finish_invite_registration.go:241.2,241.21 1 2
github.com/whicu/hsa/internal/application/finish_invite_registration.go:244.176,246.31 2 2
github.com/whicu/hsa/internal/application/finish_invite_registration.go:246.31,248.18 2 2
github.com/whicu/hsa/internal/application/finish_invite_registration.go:248.18,251.4 2 0
github.com/whicu/hsa/internal/application/finish_invite_registration.go:252.3,252.31 1 2
github.com/whicu/hsa/internal/application/finish_invite_registration.go:255.2,255.54 1 2
github.com/whicu/hsa/internal/application/finish_invite_registration.go:255.54,258.3 2 1
github.com/whicu/hsa/internal/application/finish_invite_registration.go:260.2,260.12 1 1
github.com/whicu/hsa/internal/application/finish_login.go:44.10,54.2 1 9
github.com/whicu/hsa/internal/application/finish_login.go:64.38,66.2 1 15
github.com/whicu/hsa/internal/application/finish_login.go:74.40,76.2 1 15
github.com/whicu/hsa/internal/application/finish_login.go:78.84,83.16 4 7
github.com/whicu/hsa/internal/application/finish_login.go:83.16,86.3 2 1
github.com/whicu/hsa/internal/application/finish_login.go:88.2,94.76 2 6
github.com/whicu/hsa/internal/application/finish_login.go:94.76,96.19 2 6
github.com/whicu/hsa/internal/application/finish_login.go:96.19,97.44 1 2
github.com/whicu/hsa/internal/application/finish_login.go:97.44,100.5 2 1
github.com/whicu/hsa/internal/application/finish_login.go:101.4,102.16 2 1
github.com/whicu/hsa/internal/application/finish_login.go:105.3,105.23 1 4
github.com/whicu/hsa/internal/application/finish_login.go:105.23,107.4 1 0
github.com/whicu/hsa/internal/application/finish_login.go:109.3,110.83 2 4
github.com/whicu/hsa/internal/application/finish_login.go:110.83,114.51 2 0
github.com/whicu/hsa/internal/application/finish_login.go:114.51,116.5 1 0
github.com/whicu/hsa/internal/application/finish_login.go:117.4,117.77 1 0
github.com/whicu/hsa/internal/application/finish_login.go:117.77,119.5 1 0
github.com/whicu/hsa/internal/application/finish_login.go:120.4,120.80 1 0
github.com/whicu/hsa/internal/application/finish_login.go:120.80,124.5 2 0
github.com/whicu/hsa/internal/application/finish_login.go:125.4,125.38 1 0
github.com/whicu/hsa/internal/application/finish_login.go:128.3,128.21 1 4
github.com/whicu/hsa/internal/application/finish_login.go:128.21,132.4 2 0
github.com/whicu/hsa/internal/application/finish_login.go:134.3,134.64 1 4
github.com/whicu/hsa/internal/application/finish_login.go:134.64,138.4 2 1
github.com/whicu/hsa/internal/application/finish_login.go:140.3,141.19 2 3
github.com/whicu/hsa/internal/application/finish_login.go:141.19,145.4 2 2
github.com/whicu/hsa/internal/application/finish_login.go:147.3,149.13 3 1
github.com/whicu/hsa/internal/application/finish_login.go:152.2,152.16 1 6
github.com/whicu/hsa/internal/application/finish_login.go:152.16,155.3 2 5
github.com/whicu/hsa/internal/application/finish_login.go:157.2,159.18 2 1
github.com/whicu/hsa/internal/application/refresh_access_token.go:37.23,45.2 1 12
github.com/whicu/hsa/internal/application/refresh_access_token.go:47.130,53.16 4 12
github.com/whicu/hsa/internal/application/refresh_access_token.go:53.16,55.3 1 6
github.com/whicu/hsa/internal/application/refresh_access_token.go:57.2,58.16 2 6
github.com/whicu/hsa/internal/application/refresh_access_token.go:58.16,65.3 2 5
github.com/whicu/hsa/internal/application/refresh_access_token.go:67.2,72.39 2 1
github.com/whicu/hsa/internal/application/refresh_access_token.go:75.143,77.16 2 12
github.com/whicu/hsa/internal/application/refresh_access_token.go:77.16,82.3 2 1
github.com/whicu/hsa/internal/application/refresh_access_token.go:84.2,85.16 2 11
github.com/whicu/hsa/internal/application/refresh_access_token.go:85.16,86.41 1 2
github.com/whicu/hsa/internal/application/refresh_access_token.go:86.41,89.4 2 1
github.com/whicu/hsa/internal/application/refresh_access_token.go:90.3,93.18 2 1
github.com/whicu/hsa/internal/application/refresh_access_token.go:96.2,96.23 1 9
github.com/whicu/hsa/internal/application/refresh_access_token.go:96.23,102.80 2 2
github.com/whicu/hsa/internal/application/refresh_access_token.go:102.80,108.4 2 1
github.com/whicu/hsa/internal/application/refresh_access_token.go:109.3,109.43 1 1
github.com/whicu/hsa/internal/application/refresh_access_token.go:112.2,112.25 1 7
github.com/whicu/hsa/internal/application/refresh_access_token.go:112.25,118.3 2 1
github.com/whicu/hsa/internal/application/refresh_access_token.go:120.2,120.19 1 6
github.com/whicu/hsa/internal/application/revoke_all_user_sessions.go:28.26,35.2 1 30
github.com/whicu/hsa/internal/application/revoke_all_user_sessions.go:37.93,38.23 1 10
github.com/whicu/hsa/internal/application/revoke_all_user_sessions.go:38.23,41.3 2 0
github.com/whicu/hsa/internal/application/revoke_all_user_sessions.go:43.2,51.77 4 10
github.com/whicu/hsa/internal/application/revoke_all_user_sessions.go:51.77,53.17 2 7
github.com/whicu/hsa/internal/application/revoke_all_user_sessions.go:53.17,59.4 2 1
github.com/whicu/hsa/internal/application/revoke_all_user_sessions.go:61.3,61.23 1 6
github.com/whicu/hsa/internal/application/revoke_all_user_sessions.go:61.23,64.4 2 4
github.com/whicu/hsa/internal/application/revoke_all_user_sessions.go:66.3,66.28 1 2
github.com/whicu/hsa/internal/application/revoke_all_user_sessions.go:66.28,67.42 1 2
github.com/whicu/hsa/internal/application/revoke_all_user_sessions.go:67.42,74.5 2 0
github.com/whicu/hsa/internal/application/revoke_all_user_sessions.go:77.3,77.57 1 2
github.com/whicu/hsa/internal/application/revoke_all_user_sessions.go:77.57,83.4 2 1
github.com/whicu/hsa/internal/application/revoke_all_user_sessions.go:85.3,86.13 2 1
github.com/whicu/hsa/internal/application/revoke_all_user_sessions.go:89.2,89.16 1 10
github.com/whicu/hsa/internal/application/revoke_all_user_sessions.go:89.16,95.3 2 5
github.com/whicu/hsa/internal/application/revoke_all_user_sessions.go:97.2,103.12 2 5
github.com/whicu/hsa/internal/application/revoke_compromised_chain.go:24.27,30.2 1 4
github.com/whicu/hsa/internal/application/revoke_compromised_chain.go:32.101,38.16 3 4
github.com/whicu/hsa/internal/application/revoke_compromised_chain.go:38.16,44.3 2 1
github.com/whicu/hsa/internal/application/revoke_compromised_chain.go:46.2,50.67 4 3
github.com/whicu/hsa/internal/application/revoke_compromised_chain.go:50.67,58.3 2 1
github.com/whicu/hsa/internal/application/revoke_compromised_chain.go:60.2,66.12 2 2
github.com/whicu/hsa/internal/application/session_issuer.go:39.18,49.2 1 38
github.com/whicu/hsa/internal/application/session_issuer.go:51.154,59.16 3 9
github.com/whicu/hsa/internal/application/session_issuer.go:59.16,65.3 2 2
github.com/whicu/hsa/internal/application/session_issuer.go:67.2,69.16 3 7
github.com/whicu/hsa/internal/application/session_issuer.go:69.16,76.3 2 1
github.com/whicu/hsa/internal/application/session_issuer.go:78.2,78.66 1 6
github.com/whicu/hsa/internal/application/session_issuer.go:78.66,85.3 2 1
github.com/whicu/hsa/internal/application/session_issuer.go:87.2,88.16 2 5
github.com/whicu/hsa/internal/application/session_issuer.go:88.16,95.3 2 2
github.com/whicu/hsa/internal/application/session_issuer.go:97.2,102.32 2 3
github.com/whicu/hsa/internal/application/session_issuer.go:105.132,112.16 3 11
github.com/whicu/hsa/internal/application/session_issuer.go:112.16,119.3 2 2
github.com/whicu/hsa/internal/application/session_issuer.go:121.2,123.16 3 9
github.com/whicu/hsa/internal/application/session_issuer.go:123.16,130.3 2 2
github.com/whicu/hsa/internal/application/session_issuer.go:132.2,132.48 1 7
github.com/whicu/hsa/internal/application/session_issuer.go:132.48,139.3 2 0
github.com/whicu/hsa/internal/application/session_issuer.go:141.2,142.16 2 7
github.com/whicu/hsa/internal/application/session_issuer.go:142.16,149.3 2 2
github.com/whicu/hsa/internal/application/session_issuer.go:151.2,151.74 1 5
github.com/whicu/hsa/internal/application/session_issuer.go:151.74,159.3 2 3
github.com/whicu/hsa/internal/application/session_issuer.go:161.2,167.32 2 2
github.com/whicu/hsa/internal/domain/credential/credential.go:41.30,42.15 1 108
github.com/whicu/hsa/internal/domain/credential/credential.go:42.15,43.17 1 108
github.com/whicu/hsa/internal/domain/credential/credential.go:43.17,45.4 1 6
github.com/whicu/hsa/internal/domain/credential/credential.go:47.2,47.20 1 108
github.com/whicu/hsa/internal/domain/credential/credential.go:47.20,49.3 1 1
github.com/whicu/hsa/internal/domain/credential/credential.go:50.2,50.26 1 107
github.com/whicu/hsa/internal/domain/credential/credential.go:50.26,52.3 1 2
github.com/whicu/hsa/internal/domain/credential/credential.go:53.2,53.24 1 105
github.com/whicu/hsa/internal/domain/credential/credential.go:53.24,55.3 1 1
github.com/whicu/hsa/internal/domain/credential/credential.go:56.2,56.25 1 104
github.com/whicu/hsa/internal/domain/credential/credential.go:56.25,58.3 1 2
github.com/whicu/hsa/internal/domain/credential/credential.go:59.2,66.8 1 102
github.com/whicu/hsa/internal/domain/credential/credential.go:69.46,69.61 1 101
github.com/whicu/hsa/internal/domain/credential/credential.go:70.46,70.69 1 101
github.com/whicu/hsa/internal/domain/credential/credential.go:71.46,71.65 1 101
github.com/whicu/hsa/internal/domain/credential/credential.go:72.46,72.68 1 101
github.com/whicu/hsa/internal/domain/credential/credential.go:73.46,73.68 1 104
github.com/whicu/hsa/internal/domain/credential/credential.go:74.46,74.69 1 101
github.com/whicu/hsa/internal/domain/credential/credential.go:75.46,75.68 1 101
github.com/whicu/hsa/internal/domain/credential/credential.go:76.46,76.75 1 0
github.com/whicu/hsa/internal/domain/credential/credential.go:77.46,77.68 1 0
github.com/whicu/hsa/internal/domain/credential/credential.go:79.50,80.24 1 0
github.com/whicu/hsa/internal/domain/credential/credential.go:80.24,82.3 1 0
github.com/whicu/hsa/internal/domain/credential/credential.go:83.2,84.12 2 0
github.com/whicu/hsa/internal/domain/credential/credential.go:86.51,87.42 1 198
github.com/whicu/hsa/internal/domain/credential/credential.go:87.42,89.3 1 99
github.com/whicu/hsa/internal/domain/credential/credential.go:90.2,91.12 2 99
github.com/whicu/hsa/internal/domain/invite/invite.go:37.26,38.15 1 106
github.com/whicu/hsa/internal/domain/invite/invite.go:38.15,39.17 1 106
github.com/whicu/hsa/internal/domain/invite/invite.go:39.17,41.4 1 3
github.com/whicu/hsa/internal/domain/invite/invite.go:43.2,43.20 1 106
github.com/whicu/hsa/internal/domain/invite/invite.go:43.20,45.3 1 1
github.com/whicu/hsa/internal/domain/invite/invite.go:46.2,46.27 1 105
github.com/whicu/hsa/internal/domain/invite/invite.go:46.27,48.3 1 1
github.com/whicu/hsa/internal/domain/invite/invite.go:49.2,49.20 1 104
github.com/whicu/hsa/internal/domain/invite/invite.go:49.20,51.3 1 1
github.com/whicu/hsa/internal/domain/invite/invite.go:52.2,55.8 1 103
github.com/whicu/hsa/internal/domain/invite/invite.go:57.48,57.63 1 0
github.com/whicu/hsa/internal/domain/invite/invite.go:58.48,58.70 1 0
github.com/whicu/hsa/internal/domain/invite/invite.go:59.48,59.70 1 0
github.com/whicu/hsa/internal/domain/invite/invite.go:60.48,60.81 1 205
github.com/whicu/hsa/internal/domain/invite/invite.go:61.48,61.74 1 6
github.com/whicu/hsa/internal/domain/invite/invite.go:63.62,64.16 1 4
github.com/whicu/hsa/internal/domain/invite/invite.go:64.16,66.3 1 1
github.com/whicu/hsa/internal/domain/invite/invite.go:67.2,67.22 1 3
github.com/whicu/hsa/internal/domain/invite/invite.go:67.22,69.3 1 1
github.com/whicu/hsa/internal/domain/invite/invite.go:70.2,71.12 2 2
github.com/whicu/hsa/internal/domain/invite/policy.go:7.38,9.2 1 101
github.com/whicu/hsa/internal/domain/invite/policy.go:11.49,12.32 1 104
github.com/whicu/hsa/internal/domain/invite/policy.go:12.32,14.3 1 55
github.com/whicu/hsa/internal/domain/invite/policy.go:15.2,15.12 1 49
github.com/whicu/hsa/internal/domain/key/key.go:30.29,30.73 1 108
github.com/whicu/hsa/internal/domain/key/key.go:50.30,51.15 1 107
github.com/whicu/hsa/internal/domain/key/key.go:51.15,52.17 1 107
github.com/whicu/hsa/internal/domain/key/key.go:52.17,54.4 1 5
github.com/whicu/hsa/internal/domain/key/key.go:56.2,56.20 1 107
github.com/whicu/hsa/internal/domain/key/key.go:56.20,58.3 1 1
github.com/whicu/hsa/internal/domain/key/key.go:59.2,59.24 1 106
github.com/whicu/hsa/internal/domain/key/key.go:59.24,61.3 1 1
github.com/whicu/hsa/internal/domain/key/key.go:62.2,62.20 1 105
github.com/whicu/hsa/internal/domain/key/key.go:62.20,64.3 1 1
github.com/whicu/hsa/internal/domain/key/key.go:65.2,65.26 1 104
github.com/whicu/hsa/internal/domain/key/key.go:65.26,67.3 1 1
github.com/whicu/hsa/internal/domain/key/key.go:68.2,68.25 1 103
github.com/whicu/hsa/internal/domain/key/key.go:68.25,70.3 1 1
github.com/whicu/hsa/internal/domain/key/key.go:71.2,75.8 1 102
github.com/whicu/hsa/internal/domain/key/key.go:78.62,78.77 1 100
github.com/whicu/hsa/internal/domain/key/key.go:79.62,79.80 1 100
github.com/whicu/hsa/internal/domain/key/key.go:80.62,80.87 1 100
github.com/whicu/hsa/internal/domain/key/key.go:83.38,84.14 1 3
github.com/whicu/hsa/internal/domain/key/key.go:84.14,86.3 1 1
github.com/whicu/hsa/internal/domain/key/key.go:87.2,88.27 2 2
github.com/whicu/hsa/internal/domain/key/key.go:88.27,90.3 1 1
github.com/whicu/hsa/internal/domain/key/key.go:91.2,91.180 1 2
github.com/whicu/hsa/internal/domain/key/policy.go:11.43,13.2 1 0
github.com/whicu/hsa/internal/domain/key/policy.go:15.48,16.30 1 0
github.com/whicu/hsa/internal/domain/key/policy.go:16.30,18.3 1 0
github.com/whicu/hsa/internal/domain/key/policy.go:19.2,19.12 1 0
github.com/whicu/hsa/internal/domain/session/session.go:38.33,39.15 1 108
github.com/whicu/hsa/internal/domain/session/session.go:39.15,40.17 1 108
github.com/whicu/hsa/internal/domain/session/session.go:40.17,42.4 1 3
github.com/whicu/hsa/internal/domain/session/session.go:44.2,44.20 1 108
github.com/whicu/hsa/internal/domain/session/session.go:44.20,46.3 1 1
github.com/whicu/hsa/internal/domain/session/session.go:47.2,47.24 1 107
github.com/whicu/hsa/internal/domain/session/session.go:47.24,49.3 1 1
github.com/whicu/hsa/internal/domain/session/session.go:50.2,50.21 1 106
github.com/whicu/hsa/internal/domain/session/session.go:50.21,52.3 1 1
github.com/whicu/hsa/internal/domain/session/session.go:53.2,61.8 1 105
github.com/whicu/hsa/internal/domain/session/session.go:64.45,64.60 1 0
github.com/whicu/hsa/internal/domain/session/session.go:65.45,65.64 1 0
github.com/whicu/hsa/internal/domain/session/session.go:66.45,66.68 1 0
github.com/whicu/hsa/internal/domain/session/session.go:67.45,67.67 1 0
github.com/whicu/hsa/internal/domain/session/session.go:68.45,68.74 1 0
github.com/whicu/hsa/internal/domain/session/session.go:70.52,72.2 1 103
github.com/whicu/hsa/internal/domain/session/session.go:74.52,75.24 1 50
github.com/whicu/hsa/internal/domain/session/session.go:75.24,77.3 1 1
github.com/whicu/hsa/internal/domain/session/session.go:78.2,79.12 2 49
github.com/whicu/hsa/internal/domain/session/session.go:82.118,83.15 1 0
github.com/whicu/hsa/internal/domain/session/session.go:83.15,84.17 1 0
github.com/whicu/hsa/internal/domain/session/session.go:84.17,86.4 1 0
github.com/whicu/hsa/internal/domain/session/session.go:88.2,88.20 1 0
github.com/whicu/hsa/internal/domain/session/session.go:88.20,90.3 1 0
github.com/whicu/hsa/internal/domain/session/session.go:91.2,91.21 1 0
github.com/whicu/hsa/internal/domain/session/session.go:91.21,93.3 1 0
github.com/whicu/hsa/internal/domain/session/session.go:94.2,99.8 1 0
github.com/whicu/hsa/internal/domain/session/session.go:103.40,104.14 1 2
github.com/whicu/hsa/internal/domain/session/session.go:104.14,106.3 1 1
github.com/whicu/hsa/internal/domain/session/session.go:107.2,107.241 1 1
github.com/whicu/hsa/internal/domain/user/user.go:18.46,20.16 2 100
github.com/whicu/hsa/internal/domain/user/user.go:20.16,22.3 1 0
github.com/whicu/hsa/internal/domain/user/user.go:23.2,23.16 1 100
github.com/whicu/hsa/internal/domain/user/user.go:32.81,33.15 1 104
github.com/whicu/hsa/internal/domain/user/user.go:33.15,34.17 1 104
github.com/whicu/hsa/internal/domain/user/user.go:34.17,36.4 1 3
github.com/whicu/hsa/internal/domain/user/user.go:38.2,38.20 1 104
github.com/whicu/hsa/internal/domain/user/user.go:38.20,40.3 1 2
github.com/whicu/hsa/internal/domain/user/user.go:41.2,41.27 1 102
github.com/whicu/hsa/internal/domain/user/user.go:41.27,43.3 1 1
github.com/whicu/hsa/internal/domain/user/user.go:44.2,44.72 1 101
github.com/whicu/hsa/internal/domain/user/user.go:47.67,48.15 1 102
github.com/whicu/hsa/internal/domain/user/user.go:48.15,49.17 1 102
github.com/whicu/hsa/internal/domain/user/user.go:49.17,51.4 1 1
github.com/whicu/hsa/internal/domain/user/user.go:53.2,53.20 1 102
github.com/whicu/hsa/internal/domain/user/user.go:53.20,55.3 1 1
github.com/whicu/hsa/internal/domain/user/user.go:56.2,56.65 1 101
github.com/whicu/hsa/internal/domain/user/user.go:59.38,59.53 1 202
github.com/whicu/hsa/internal/domain/user/user.go:60.38,60.60 1 203
github.com/whicu/hsa/internal/domain/user/user.go:61.38,61.67 1 202
github.com/whicu/hsa/internal/domain/user/user.go:62.38,62.60 1 102
github.com/whicu/hsa/internal/infrastructure/auth/webauthn/authenticator.go:43.18,45.2 1 9
github.com/whicu/hsa/internal/infrastructure/auth/webauthn/authenticator.go:47.76,53.16 3 5
github.com/whicu/hsa/internal/infrastructure/auth/webauthn/authenticator.go:53.16,56.3 2 0
github.com/whicu/hsa/internal/infrastructure/auth/webauthn/authenticator.go:58.2,59.16 2 5
github.com/whicu/hsa/internal/infrastructure/auth/webauthn/authenticator.go:59.16,62.3 2 1
github.com/whicu/hsa/internal/infrastructure/auth/webauthn/authenticator.go:64.2,65.16 2 4
github.com/whicu/hsa/internal/infrastructure/auth/webauthn/authenticator.go:65.16,68.3 2 0
github.com/whicu/hsa/internal/infrastructure/auth/webauthn/authenticator.go:70.2,71.29 2 4
github.com/whicu/hsa/internal/infrastructure/auth/webauthn/authenticator.go:74.135,78.69 3 4
github.com/whicu/hsa/internal/infrastructure/auth/webauthn/authenticator.go:78.69,81.3 2 3
github.com/whicu/hsa/internal/infrastructure/auth/webauthn/authenticator.go:83.2,84.16 2 1
github.com/whicu/hsa/internal/infrastructure/auth/webauthn/authenticator.go:84.16,87.3 2 1
github.com/whicu/hsa/internal/infrastructure/auth/webauthn/authenticator.go:89.2,92.55 2 0
github.com/whicu/hsa/internal/infrastructure/auth/webauthn/authenticator.go:92.55,94.23 2 0
github.com/whicu/hsa/internal/infrastructure/auth/webauthn/authenticator.go:94.23,99.5 2 0
github.com/whicu/hsa/internal/infrastructure/auth/webauthn/authenticator.go:100.4,103.22 3 0
github.com/whicu/hsa/internal/infrastructure/auth/webauthn/authenticator.go:103.22,109.5 2 0
github.com/whicu/hsa/internal/infrastructure/auth/webauthn/authenticator.go:111.4,112.28 2 0
github.com/whicu/hsa/internal/infrastructure/auth/webauthn/authenticator.go:112.28,114.5 1 0
github.com/whicu/hsa/internal/infrastructure/auth/webauthn/authenticator.go:116.4,119.10 1 0
github.com/whicu/hsa/internal/infrastructure/auth/webauthn/authenticator.go:124.2,124.16 1 0
github.com/whicu/hsa/internal/infrastructure/auth/webauthn/authenticator.go:124.16,129.3 2 0
github.com/whicu/hsa/internal/infrastructure/auth/webauthn/authenticator.go:131.2,141.8 2 0
github.com/whicu/hsa/internal/infrastructure/auth/webauthn/authenticator.go:144.75,152.2 1 0
github.com/whicu/hsa/internal/infrastructure/auth/webauthn/registrator.go:37.70,37.88 1 10
github.com/whicu/hsa/internal/infrastructure/auth/webauthn/registrator.go:38.70,38.94 1 5
github.com/whicu/hsa/internal/infrastructure/auth/webauthn/registrator.go:39.70,39.94 1 5
github.com/whicu/hsa/internal/infrastructure/auth/webauthn/registrator.go:40.70,40.94 1 0
github.com/whicu/hsa/internal/infrastructure/auth/webauthn/registrator.go:49.122,51.2 1 10
github.com/whicu/hsa/internal/infrastructure/auth/webauthn/registrator.go:53.129,71.16 4 5
github.com/whicu/hsa/internal/infrastructure/auth/webauthn/registrator.go:71.16,78.3 2 0
github.com/whicu/hsa/internal/infrastructure/auth/webauthn/registrator.go:80.2,85.16 2 5
github.com/whicu/hsa/internal/infrastructure/auth/webauthn/registrator.go:85.16,92.3 2 1
github.com/whicu/hsa/internal/infrastructure/auth/webauthn/registrator.go:94.2,95.16 2 4
github.com/whicu/hsa/internal/infrastructure/auth/webauthn/registrator.go:95.16,102.3 2 0
github.com/whicu/hsa/internal/infrastructure/auth/webauthn/registrator.go:104.2,109.29 2 4
github.com/whicu/hsa/internal/infrastructure/auth/webauthn/registrator.go:112.131,116.69 3 5
github.com/whicu/hsa/internal/infrastructure/auth/webauthn/registrator.go:116.69,121.3 2 3
github.com/whicu/hsa/internal/infrastructure/auth/webauthn/registrator.go:123.2,124.16 2 2
github.com/whicu/hsa/internal/infrastructure/auth/webauthn/registrator.go:124.16,131.3 2 2
github.com/whicu/hsa/internal/infrastructure/auth/webauthn/registrator.go:133.2,135.16 3 0
github.com/whicu/hsa/internal/infrastructure/auth/webauthn/registrator.go:135.16,142.3 2 0
github.com/whicu/hsa/internal/infrastructure/auth/webauthn/registrator.go:143.2,146.35 3 0
github.com/whicu/hsa/internal/infrastructure/auth/webauthn/registrator.go:146.35,148.3 1 0
github.com/whicu/hsa/internal/infrastructure/auth/webauthn/registrator.go:150.2,164.8 2 0
github.com/whicu/hsa/internal/infrastructure/auth/webauthn/registrator.go:167.82,169.9 2 0
github.com/whicu/hsa/internal/infrastructure/auth/webauthn/registrator.go:169.9,171.3 1 0
github.com/whicu/hsa/internal/infrastructure/auth/webauthn/registrator.go:172.2,173.9 2 0
github.com/whicu/hsa/internal/infrastructure/auth/webauthn/registrator.go:173.9,175.3 1 0
github.com/whicu/hsa/internal/infrastructure/auth/webauthn/registrator.go:176.2,177.22 2 0
github.com/whicu/hsa/internal/infrastructure/crypto/secret_manager.go:26.56,30.20 1 16
github.com/whicu/hsa/internal/infrastructure/crypto/secret_manager.go:30.20,34.5 1 29
github.com/whicu/hsa/internal/infrastructure/crypto/secret_manager.go:40.42,41.15 1 2
github.com/whicu/hsa/internal/infrastructure/crypto/secret_manager.go:41.15,43.3 1 1
github.com/whicu/hsa/internal/infrastructure/crypto/secret_manager.go:44.2,44.51 1 1
github.com/whicu/hsa/internal/infrastructure/crypto/secret_manager.go:47.67,49.2 1 0
github.com/whicu/hsa/internal/infrastructure/crypto/secret_manager.go:51.79,53.2 1 60
github.com/whicu/hsa/internal/infrastructure/crypto/secret_manager.go:55.50,56.24 1 60
github.com/whicu/hsa/internal/infrastructure/crypto/secret_manager.go:56.24,58.3 1 15
github.com/whicu/hsa/internal/infrastructure/crypto/secret_manager.go:59.2,60.42 2 45
github.com/whicu/hsa/internal/infrastructure/crypto/secret_manager.go:60.42,62.3 1 0
github.com/whicu/hsa/internal/infrastructure/crypto/secret_manager.go:63.2,63.37 1 45
github.com/whicu/hsa/internal/infrastructure/crypto/secret_manager.go:66.73,69.9 3 45
github.com/whicu/hsa/internal/infrastructure/crypto/secret_manager.go:69.9,71.3 1 0
github.com/whicu/hsa/internal/infrastructure/crypto/secret_manager.go:72.2,76.16 4 45
github.com/whicu/hsa/internal/infrastructure/crypto/secret_manager.go:76.16,78.3 1 0
github.com/whicu/hsa/internal/infrastructure/crypto/secret_manager.go:79.2,81.21 3 45
github.com/whicu/hsa/internal/infrastructure/crypto/secret_manager.go:84.77,86.16 2 60
github.com/whicu/hsa/internal/infrastructure/crypto/secret_manager.go:86.16,88.3 1 15
github.com/whicu/hsa/internal/infrastructure/crypto/secret_manager.go:89.2,90.16 2 45
github.com/whicu/hsa/internal/infrastructure/crypto/secret_manager.go:90.16,92.3 1 0
github.com/whicu/hsa/internal/infrastructure/crypto/secret_manager.go:93.2,93.23 1 45
github.com/whicu/hsa/internal/infrastructure/crypto/secret_manager.go:96.37,97.17 1 135
github.com/whicu/hsa/internal/infrastructure/crypto/secret_manager.go:97.17,99.3 1 15
github.com/whicu/hsa/internal/infrastructure/crypto/secret_manager.go:100.2,100.51 1 120
github.com/whicu/hsa/internal/infrastructure/crypto/token_codec.go:20.66,22.2 1 9
github.com/whicu/hsa/internal/infrastructure/crypto/token_codec.go:24.78,26.16 2 6
github.com/whicu/hsa/internal/infrastructure/crypto/token_codec.go:26.16,28.3 1 1
github.com/whicu/hsa/internal/infrastructure/crypto/token_codec.go:30.2,34.49 4 5
github.com/whicu/hsa/internal/infrastructure/crypto/token_codec.go:37.62,41.16 3 6
github.com/whicu/hsa/internal/infrastructure/crypto/token_codec.go:41.16,42.58 1 3
github.com/whicu/hsa/internal/infrastructure/crypto/token_codec.go:42.58,44.4 1 1
github.com/whicu/hsa/internal/infrastructure/crypto/token_codec.go:45.3,45.27 1 2
github.com/whicu/hsa/internal/infrastructure/crypto/token_codec.go:48.2,49.16 2 3
github.com/whicu/hsa/internal/infrastructure/crypto/token_codec.go:49.16,51.3 1 1
github.com/whicu/hsa/internal/infrastructure/crypto/token_codec.go:53.2,53.41 1 2
github.com/whicu/hsa/internal/infrastructure/crypto/token_issuer.go:14.86,16.2 1 0
github.com/whicu/hsa/internal/infrastructure/crypto/token_issuer.go:18.102,24.2 4 0
github.com/whicu/hsa/internal/infrastructure/crypto/token_verifier.go:15.90,17.2 1 0
github.com/whicu/hsa/internal/infrastructure/crypto/token_verifier.go:19.77,23.16 3 0
github.com/whicu/hsa/internal/infrastructure/crypto/token_verifier.go:23.16,24.58 1 0
github.com/whicu/hsa/internal/infrastructure/crypto/token_verifier.go:24.58,26.4 1 0
github.com/whicu/hsa/internal/infrastructure/crypto/token_verifier.go:27.3,27.42 1 0
github.com/whicu/hsa/internal/infrastructure/crypto/token_verifier.go:30.2,31.16 2 0
github.com/whicu/hsa/internal/infrastructure/crypto/token_verifier.go:31.16,33.3 1 0
github.com/whicu/hsa/internal/infrastructure/crypto/token_verifier.go:35.2,36.16 2 0
github.com/whicu/hsa/internal/infrastructure/crypto/token_verifier.go:36.16,38.3 1 0
github.com/whicu/hsa/internal/infrastructure/crypto/token_verifier.go:40.2,40.20 1 0
github.com/whicu/hsa/pkg/errkit/errmap.go:14.63,15.58 1 0
github.com/whicu/hsa/pkg/errkit/errmap.go:15.58,16.41 1 0
github.com/whicu/hsa/pkg/errkit/errmap.go:16.41,18.4 1 0
github.com/whicu/hsa/pkg/errkit/errmap.go:20.3,21.21 2 0
github.com/whicu/hsa/pkg/errkit/errmap.go:25.65,27.2 1 0
github.com/whicu/hsa/pkg/errkit/errmap.go:29.44,30.30 1 0
github.com/whicu/hsa/pkg/errkit/errmap.go:30.30,31.26 1 0
github.com/whicu/hsa/pkg/errkit/errmap.go:31.26,33.4 1 0
github.com/whicu/hsa/pkg/errkit/errmap.go:36.2,36.28 1 0
github.com/whicu/hsa/pkg/errkit/errmap.go:36.28,38.3 1 0
github.com/whicu/hsa/pkg/errkit/errmap.go:40.2,41.13 2 0
github.com/whicu/hsa/pkg/errkit/error.go:10.32,12.15 2 0
github.com/whicu/hsa/pkg/errkit/error.go:12.15,14.3 1 0
github.com/whicu/hsa/pkg/errkit/error.go:16.2,16.21 1 0
github.com/whicu/hsa/pkg/errkit/error.go:19.46,20.50 1 0
github.com/whicu/hsa/pkg/errkit/error.go:20.50,21.20 1 0
github.com/whicu/hsa/pkg/errkit/error.go:21.20,23.4 1 0
github.com/whicu/hsa/pkg/errkit/error.go:24.3,24.26 1 0
github.com/whicu/hsa/pkg/errkit/error.go:24.26,25.59 1 0
github.com/whicu/hsa/pkg/errkit/error.go:25.59,26.23 1 0
github.com/whicu/hsa/pkg/errkit/error.go:26.23,28.6 1 0
github.com/whicu/hsa/pkg/errkit/error.go:29.10,29.23 1 0
github.com/whicu/hsa/pkg/errkit/error.go:29.23,31.5 1 0
github.com/whicu/hsa/pkg/errkit/error.go:34.3,34.16 1 0
github.com/whicu/hsa/pkg/errkit/error.go:37.2,38.16 2 0
github.com/whicu/hsa/pkg/errkit/error.go:38.16,40.3 1 0
github.com/whicu/hsa/pkg/errkit/error.go:41.2,43.37 2 0
github.com/whicu/hsa/pkg/errkit/error.go:46.34,47.36 1 0
github.com/whicu/hsa/pkg/errkit/error.go:47.36,49.3 1 0
github.com/whicu/hsa/pkg/errkit/error.go:51.2,51.17 1 0
github.com/whicu/hsa/pkg/errkit/format.go:11.40,12.18 1 3
github.com/whicu/hsa/pkg/errkit/format.go:12.18,14.3 1 1
github.com/whicu/hsa/pkg/errkit/format.go:16.2,20.25 4 2
github.com/whicu/hsa/pkg/errkit/format.go:20.25,24.3 3 2
github.com/whicu/hsa/pkg/errkit/format.go:25.2,27.19 2 2
github.com/whicu/hsa/pkg/errkit/group.go:14.32,17.16 3 0
github.com/whicu/hsa/pkg/errkit/group.go:17.16,19.3 1 0
github.com/whicu/hsa/pkg/errkit/group.go:20.2,20.28 1 0
github.com/whicu/hsa/pkg/errkit/group.go:23.36,24.17 1 0
github.com/whicu/hsa/pkg/errkit/group.go:24.17,25.29 1 0
github.com/whicu/hsa/pkg/errkit/group.go:25.29,27.4 1 0
github.com/whicu/hsa/pkg/errkit/group.go:31.41,35.2 3 0
github.com/whicu/hsa/pkg/errkit/group.go:37.30,44.26 6 0
github.com/whicu/hsa/pkg/errkit/group.go:44.26,45.29 1 0
github.com/whicu/hsa/pkg/errkit/group.go:45.29,47.4 1 0
github.com/whicu/hsa/pkg/errkit/group.go:50.2,52.18 3 0
github.com/whicu/hsa/pkg/errkit/group.go:52.18,54.3 1 0
github.com/whicu/hsa/pkg/errkit/group.go:55.2,55.14 1 0
