mode: set
github.com/whicu/hsa/pkg/idgen/generator.go:19.38,21.57 2 1
github.com/whicu/hsa/pkg/idgen/generator.go:21.57,23.3 1 1
github.com/whicu/hsa/pkg/idgen/generator.go:25.2,25.27 1 1
github.com/whicu/hsa/pkg/idgen/generator.go:25.27,28.3 2 1
github.com/whicu/hsa/pkg/idgen/generator.go:30.2,31.12 2 1
github.com/whicu/hsa/pkg/idgen/generator.go:38.44,41.20 1 1
github.com/whicu/hsa/pkg/idgen/generator.go:41.20,43.5 1 1
github.com/whicu/hsa/pkg/idgen/generator.go:46.2,46.10 1 1
github.com/whicu/hsa/pkg/idgen/generator.go:49.45,51.2 1 1
github.com/whicu/hsa/pkg/idgen/generator.go:53.45,56.9 2 1
github.com/whicu/hsa/pkg/idgen/generator.go:56.9,58.3 1 1
github.com/whicu/hsa/pkg/idgen/generator.go:60.2,60.26 1 1
github.com/whicu/hsa/pkg/idgen/generator.go:60.26,61.38 1 1
github.com/whicu/hsa/pkg/idgen/generator.go:61.38,64.4 2 1
github.com/whicu/hsa/pkg/idgen/generator.go:67.2,71.11 4 1
github.com/whicu/hsa/pkg/idgen/package.go:7.66,9.2 1 1
