mode: set
github.com/whicu/hsa/internal/domain/credential/credential.go:40.30,41.15 1 1
github.com/whicu/hsa/internal/domain/credential/credential.go:41.15,42.17 1 1
github.com/whicu/hsa/internal/domain/credential/credential.go:42.17,44.4 1 1
github.com/whicu/hsa/internal/domain/credential/credential.go:46.2,46.20 1 1
github.com/whicu/hsa/internal/domain/credential/credential.go:46.20,48.3 1 1
github.com/whicu/hsa/internal/domain/credential/credential.go:49.2,49.26 1 1
github.com/whicu/hsa/internal/domain/credential/credential.go:49.26,51.3 1 1
github.com/whicu/hsa/internal/domain/credential/credential.go:52.2,52.24 1 1
github.com/whicu/hsa/internal/domain/credential/credential.go:52.24,54.3 1 1
github.com/whicu/hsa/internal/domain/credential/credential.go:55.2,55.25 1 1
github.com/whicu/hsa/internal/domain/credential/credential.go:55.25,57.3 1 1
github.com/whicu/hsa/internal/domain/credential/credential.go:58.2,65.8 1 1
github.com/whicu/hsa/internal/domain/credential/credential.go:68.46,68.61 1 1
github.com/whicu/hsa/internal/domain/credential/credential.go:69.46,69.69 1 1
github.com/whicu/hsa/internal/domain/credential/credential.go:70.46,70.65 1 1
github.com/whicu/hsa/internal/domain/credential/credential.go:71.46,71.68 1 1
github.com/whicu/hsa/internal/domain/credential/credential.go:72.46,72.68 1 1
github.com/whicu/hsa/internal/domain/credential/credential.go:73.46,73.69 1 1
github.com/whicu/hsa/internal/domain/credential/credential.go:74.46,74.68 1 1
github.com/whicu/hsa/internal/domain/credential/credential.go:76.51,77.42 1 1
github.com/whicu/hsa/internal/domain/credential/credential.go:77.42,79.3 1 1
github.com/whicu/hsa/internal/domain/credential/credential.go:80.2,81.12 2 1
github.com/whicu/hsa/internal/domain/credential/credential.go:85.38,86.14 1 1
github.com/whicu/hsa/internal/domain/credential/credential.go:86.14,88.3 1 1
github.com/whicu/hsa/internal/domain/credential/credential.go:89.2,89.213 1 1
