mode: set
github.com/whicu/hsa/pkg/errkit/errmap.go:14.63,15.58 1 0
github.com/whicu/hsa/pkg/errkit/errmap.go:15.58,16.41 1 0
github.com/whicu/hsa/pkg/errkit/errmap.go:16.41,18.4 1 0
github.com/whicu/hsa/pkg/errkit/errmap.go:20.3,21.21 2 0
github.com/whicu/hsa/pkg/errkit/errmap.go:25.65,27.2 1 0
github.com/whicu/hsa/pkg/errkit/errmap.go:29.44,30.30 1 0
github.com/whicu/hsa/pkg/errkit/errmap.go:30.30,31.26 1 0
github.com/whicu/hsa/pkg/errkit/errmap.go:31.26,33.4 1 0
github.com/whicu/hsa/pkg/errkit/errmap.go:36.2,36.28 1 0
github.com/whicu/hsa/pkg/errkit/errmap.go:36.28,38.3 1 0
github.com/whicu/hsa/pkg/errkit/errmap.go:40.2,41.13 2 0
github.com/whicu/hsa/pkg/errkit/error.go:10.32,12.15 2 1
github.com/whicu/hsa/pkg/errkit/error.go:12.15,14.3 1 1
github.com/whicu/hsa/pkg/errkit/error.go:16.2,16.21 1 1
github.com/whicu/hsa/pkg/errkit/error.go:19.46,20.50 1 1
github.com/whicu/hsa/pkg/errkit/error.go:20.50,22.20 2 1
github.com/whicu/hsa/pkg/errkit/error.go:22.20,24.4 1 1
github.com/whicu/hsa/pkg/errkit/error.go:24.9,28.28 2 1
github.com/whicu/hsa/pkg/errkit/error.go:28.28,31.5 2 1
github.com/whicu/hsa/pkg/errkit/error.go:33.3,33.26 1 1
github.com/whicu/hsa/pkg/errkit/error.go:33.26,34.59 1 1
github.com/whicu/hsa/pkg/errkit/error.go:34.59,35.23 1 1
github.com/whicu/hsa/pkg/errkit/error.go:35.23,37.6 1 1
github.com/whicu/hsa/pkg/errkit/error.go:38.10,38.23 1 1
github.com/whicu/hsa/pkg/errkit/error.go:38.23,40.5 1 1
github.com/whicu/hsa/pkg/errkit/error.go:43.3,43.19 1 1
github.com/whicu/hsa/pkg/errkit/error.go:46.2,47.16 2 1
github.com/whicu/hsa/pkg/errkit/error.go:47.16,49.3 1 1
github.com/whicu/hsa/pkg/errkit/error.go:50.2,52.37 2 1
github.com/whicu/hsa/pkg/errkit/error.go:55.34,56.36 1 1
github.com/whicu/hsa/pkg/errkit/error.go:56.36,58.3 1 1
github.com/whicu/hsa/pkg/errkit/error.go:60.2,60.17 1 1
github.com/whicu/hsa/pkg/errkit/format.go:11.40,12.18 1 1
github.com/whicu/hsa/pkg/errkit/format.go:12.18,14.3 1 1
github.com/whicu/hsa/pkg/errkit/format.go:16.2,20.25 4 1
github.com/whicu/hsa/pkg/errkit/format.go:20.25,24.3 3 1
github.com/whicu/hsa/pkg/errkit/format.go:25.2,27.19 2 1
github.com/whicu/hsa/pkg/errkit/group.go:14.32,17.16 3 0
github.com/whicu/hsa/pkg/errkit/group.go:17.16,19.3 1 0
github.com/whicu/hsa/pkg/errkit/group.go:20.2,20.28 1 0
github.com/whicu/hsa/pkg/errkit/group.go:23.36,24.17 1 0
github.com/whicu/hsa/pkg/errkit/group.go:24.17,25.29 1 0
github.com/whicu/hsa/pkg/errkit/group.go:25.29,27.4 1 0
github.com/whicu/hsa/pkg/errkit/group.go:31.41,35.2 3 0
github.com/whicu/hsa/pkg/errkit/group.go:37.30,44.26 6 0
github.com/whicu/hsa/pkg/errkit/group.go:44.26,45.29 1 0
github.com/whicu/hsa/pkg/errkit/group.go:45.29,47.4 1 0
github.com/whicu/hsa/pkg/errkit/group.go:50.2,52.18 3 0
github.com/whicu/hsa/pkg/errkit/group.go:52.18,54.3 1 0
github.com/whicu/hsa/pkg/errkit/group.go:55.2,55.14 1 0
github.com/whicu/hsa/pkg/errkit/panic.go:13.39,18.2 1 0
github.com/whicu/hsa/pkg/errkit/panic.go:20.37,22.2 1 0
github.com/whicu/hsa/pkg/errkit/panic.go:24.37,25.36 1 0
github.com/whicu/hsa/pkg/errkit/panic.go:25.36,27.3 1 0
github.com/whicu/hsa/pkg/errkit/panic.go:28.2,28.12 1 0
