mode: set
github.com/whicu/hsa/internal/application/begin_invite_registration.go:33.28,41.2 1 1
github.com/whicu/hsa/internal/application/begin_invite_registration.go:43.143,49.16 4 1
github.com/whicu/hsa/internal/application/begin_invite_registration.go:49.16,54.3 2 1
github.com/whicu/hsa/internal/application/begin_invite_registration.go:56.2,57.16 2 1
github.com/whicu/hsa/internal/application/begin_invite_registration.go:57.16,62.3 2 1
github.com/whicu/hsa/internal/application/begin_invite_registration.go:64.2,64.18 1 1
github.com/whicu/hsa/internal/application/begin_invite_registration.go:64.18,69.3 2 1
github.com/whicu/hsa/internal/application/begin_invite_registration.go:71.2,71.24 1 1
github.com/whicu/hsa/internal/application/begin_invite_registration.go:71.24,77.3 2 1
github.com/whicu/hsa/internal/application/begin_invite_registration.go:79.2,82.16 3 1
github.com/whicu/hsa/internal/application/begin_invite_registration.go:82.16,89.3 2 1
github.com/whicu/hsa/internal/application/begin_invite_registration.go:91.2,96.25 2 1
github.com/whicu/hsa/internal/application/begin_login.go:13.79,18.2 1 1
github.com/whicu/hsa/internal/application/begin_login.go:20.91,24.16 3 1
github.com/whicu/hsa/internal/application/begin_login.go:24.16,29.3 2 1
github.com/whicu/hsa/internal/application/begin_login.go:31.2,33.25 2 1
github.com/whicu/hsa/internal/application/create_invite.go:40.17,50.2 1 1
github.com/whicu/hsa/internal/application/create_invite.go:52.104,59.16 4 1
github.com/whicu/hsa/internal/application/create_invite.go:59.16,65.3 2 1
github.com/whicu/hsa/internal/application/create_invite.go:67.2,67.50 1 1
github.com/whicu/hsa/internal/application/create_invite.go:67.50,74.3 2 1
github.com/whicu/hsa/internal/application/create_invite.go:76.2,77.16 2 1
github.com/whicu/hsa/internal/application/create_invite.go:77.16,83.3 2 1
github.com/whicu/hsa/internal/application/create_invite.go:85.2,92.16 2 1
github.com/whicu/hsa/internal/application/create_invite.go:92.16,98.3 2 0
github.com/whicu/hsa/internal/application/create_invite.go:100.2,100.49 1 1
github.com/whicu/hsa/internal/application/create_invite.go:100.49,107.3 2 1
github.com/whicu/hsa/internal/application/create_invite.go:109.2,115.35 2 1
github.com/whicu/hsa/internal/application/finish_invite_registration.go:66.29,80.2 1 1
github.com/whicu/hsa/internal/application/finish_invite_registration.go:90.42,92.2 1 1
github.com/whicu/hsa/internal/application/finish_invite_registration.go:107.141,113.16 4 1
github.com/whicu/hsa/internal/application/finish_invite_registration.go:113.16,116.3 2 1
github.com/whicu/hsa/internal/application/finish_invite_registration.go:118.2,120.76 2 1
github.com/whicu/hsa/internal/application/finish_invite_registration.go:120.76,122.19 2 1
github.com/whicu/hsa/internal/application/finish_invite_registration.go:122.19,124.4 1 1
github.com/whicu/hsa/internal/application/finish_invite_registration.go:126.3,127.19 2 1
github.com/whicu/hsa/internal/application/finish_invite_registration.go:127.19,129.4 1 0
github.com/whicu/hsa/internal/application/finish_invite_registration.go:131.3,131.92 1 1
github.com/whicu/hsa/internal/application/finish_invite_registration.go:131.92,133.4 1 1
github.com/whicu/hsa/internal/application/finish_invite_registration.go:135.3,136.19 2 1
github.com/whicu/hsa/internal/application/finish_invite_registration.go:136.19,139.4 2 0
github.com/whicu/hsa/internal/application/finish_invite_registration.go:141.3,142.13 2 1
github.com/whicu/hsa/internal/application/finish_invite_registration.go:145.2,145.16 1 1
github.com/whicu/hsa/internal/application/finish_invite_registration.go:145.16,152.3 2 1
github.com/whicu/hsa/internal/application/finish_invite_registration.go:154.2,160.18 2 1
github.com/whicu/hsa/internal/application/finish_invite_registration.go:165.156,167.16 2 1
github.com/whicu/hsa/internal/application/finish_invite_registration.go:167.16,168.41 1 1
github.com/whicu/hsa/internal/application/finish_invite_registration.go:168.41,171.4 2 1
github.com/whicu/hsa/internal/application/finish_invite_registration.go:172.3,173.18 2 0
github.com/whicu/hsa/internal/application/finish_invite_registration.go:176.2,176.47 1 1
github.com/whicu/hsa/internal/application/finish_invite_registration.go:176.47,179.3 2 1
github.com/whicu/hsa/internal/application/finish_invite_registration.go:181.2,181.49 1 1
github.com/whicu/hsa/internal/application/finish_invite_registration.go:181.49,184.3 2 0
github.com/whicu/hsa/internal/application/finish_invite_registration.go:186.2,186.17 1 1
github.com/whicu/hsa/internal/application/finish_invite_registration.go:189.188,191.16 2 1
github.com/whicu/hsa/internal/application/finish_invite_registration.go:191.16,194.3 2 0
github.com/whicu/hsa/internal/application/finish_invite_registration.go:196.2,196.45 1 1
github.com/whicu/hsa/internal/application/finish_invite_registration.go:196.45,199.3 2 0
github.com/whicu/hsa/internal/application/finish_invite_registration.go:201.2,203.16 3 1
github.com/whicu/hsa/internal/application/finish_invite_registration.go:203.16,206.3 2 0
github.com/whicu/hsa/internal/application/finish_invite_registration.go:207.2,207.63 1 1
github.com/whicu/hsa/internal/application/finish_invite_registration.go:207.63,210.3 2 0
github.com/whicu/hsa/internal/application/finish_invite_registration.go:212.2,212.54 1 1
github.com/whicu/hsa/internal/application/finish_invite_registration.go:212.54,215.3 2 0
github.com/whicu/hsa/internal/application/finish_invite_registration.go:217.2,217.21 1 1
github.com/whicu/hsa/internal/application/finish_invite_registration.go:220.176,222.31 2 1
github.com/whicu/hsa/internal/application/finish_invite_registration.go:222.31,224.22 2 1
github.com/whicu/hsa/internal/application/finish_invite_registration.go:224.22,226.4 1 1
github.com/whicu/hsa/internal/application/finish_invite_registration.go:227.3,228.18 2 1
github.com/whicu/hsa/internal/application/finish_invite_registration.go:228.18,231.4 2 0
github.com/whicu/hsa/internal/application/finish_invite_registration.go:232.3,232.31 1 1
github.com/whicu/hsa/internal/application/finish_invite_registration.go:235.2,235.54 1 1
github.com/whicu/hsa/internal/application/finish_invite_registration.go:235.54,238.3 2 1
github.com/whicu/hsa/internal/application/finish_invite_registration.go:240.2,240.12 1 1
github.com/whicu/hsa/internal/application/finish_login.go:37.10,46.2 1 1
github.com/whicu/hsa/internal/application/finish_login.go:60.84,66.16 4 1
github.com/whicu/hsa/internal/application/finish_login.go:66.16,71.3 2 1
github.com/whicu/hsa/internal/application/finish_login.go:73.2,78.76 2 1
github.com/whicu/hsa/internal/application/finish_login.go:78.76,80.19 2 1
github.com/whicu/hsa/internal/application/finish_login.go:80.19,81.44 1 1
github.com/whicu/hsa/internal/application/finish_login.go:81.44,86.5 2 1
github.com/whicu/hsa/internal/application/finish_login.go:87.4,91.16 2 1
github.com/whicu/hsa/internal/application/finish_login.go:94.3,94.72 1 1
github.com/whicu/hsa/internal/application/finish_login.go:94.72,101.4 2 0
github.com/whicu/hsa/internal/application/finish_login.go:102.3,102.64 1 1
github.com/whicu/hsa/internal/application/finish_login.go:102.64,109.4 2 1
github.com/whicu/hsa/internal/application/finish_login.go:111.3,112.19 2 1
github.com/whicu/hsa/internal/application/finish_login.go:112.19,118.4 2 1
github.com/whicu/hsa/internal/application/finish_login.go:120.3,122.13 3 1
github.com/whicu/hsa/internal/application/finish_login.go:125.2,125.16 1 1
github.com/whicu/hsa/internal/application/finish_login.go:125.16,131.3 2 1
github.com/whicu/hsa/internal/application/finish_login.go:133.2,138.18 2 1
github.com/whicu/hsa/internal/application/session_issuer.go:39.18,49.2 1 1
github.com/whicu/hsa/internal/application/session_issuer.go:51.154,59.16 3 1
github.com/whicu/hsa/internal/application/session_issuer.go:59.16,65.3 2 1
github.com/whicu/hsa/internal/application/session_issuer.go:67.2,69.16 3 1
github.com/whicu/hsa/internal/application/session_issuer.go:69.16,76.3 2 1
github.com/whicu/hsa/internal/application/session_issuer.go:78.2,78.66 1 1
github.com/whicu/hsa/internal/application/session_issuer.go:78.66,85.3 2 1
github.com/whicu/hsa/internal/application/session_issuer.go:87.2,88.16 2 1
github.com/whicu/hsa/internal/application/session_issuer.go:88.16,95.3 2 1
github.com/whicu/hsa/internal/application/session_issuer.go:97.2,102.32 2 1
github.com/whicu/hsa/internal/application/mocks/ActiveInviteCounter.go:20.25,24.19 3 0
github.com/whicu/hsa/internal/application/mocks/ActiveInviteCounter.go:24.19,24.49 1 0
github.com/whicu/hsa/internal/application/mocks/ActiveInviteCounter.go:26.2,26.13 1 0
github.com/whicu/hsa/internal/application/mocks/ActiveInviteCounter.go:38.71,40.2 1 0
github.com/whicu/hsa/internal/application/mocks/ActiveInviteCounter.go:43.122,46.19 2 0
github.com/whicu/hsa/internal/application/mocks/ActiveInviteCounter.go:46.19,47.59 1 0
github.com/whicu/hsa/internal/application/mocks/ActiveInviteCounter.go:50.2,52.99 3 0
github.com/whicu/hsa/internal/application/mocks/ActiveInviteCounter.go:52.99,54.3 1 0
github.com/whicu/hsa/internal/application/mocks/ActiveInviteCounter.go:55.2,55.90 1 0
github.com/whicu/hsa/internal/application/mocks/ActiveInviteCounter.go:55.90,57.3 1 0
github.com/whicu/hsa/internal/application/mocks/ActiveInviteCounter.go:57.8,59.3 1 0
github.com/whicu/hsa/internal/application/mocks/ActiveInviteCounter.go:60.2,60.92 1 0
github.com/whicu/hsa/internal/application/mocks/ActiveInviteCounter.go:60.92,62.3 1 0
github.com/whicu/hsa/internal/application/mocks/ActiveInviteCounter.go:62.8,64.3 1 0
github.com/whicu/hsa/internal/application/mocks/ActiveInviteCounter.go:65.2,65.15 1 0
github.com/whicu/hsa/internal/application/mocks/ActiveInviteCounter.go:77.133,79.2 1 0
github.com/whicu/hsa/internal/application/mocks/ActiveInviteCounter.go:81.169,82.40 1 0
github.com/whicu/hsa/internal/application/mocks/ActiveInviteCounter.go:82.40,84.21 2 0
github.com/whicu/hsa/internal/application/mocks/ActiveInviteCounter.go:84.21,86.4 1 0
github.com/whicu/hsa/internal/application/mocks/ActiveInviteCounter.go:87.3,88.21 2 0
github.com/whicu/hsa/internal/application/mocks/ActiveInviteCounter.go:88.21,90.4 1 0
github.com/whicu/hsa/internal/application/mocks/ActiveInviteCounter.go:91.3,92.21 2 0
github.com/whicu/hsa/internal/application/mocks/ActiveInviteCounter.go:92.21,94.4 1 0
github.com/whicu/hsa/internal/application/mocks/ActiveInviteCounter.go:95.3,99.4 1 0
github.com/whicu/hsa/internal/application/mocks/ActiveInviteCounter.go:101.2,101.11 1 0
github.com/whicu/hsa/internal/application/mocks/ActiveInviteCounter.go:104.124,107.2 2 0
github.com/whicu/hsa/internal/application/mocks/ActiveInviteCounter.go:109.191,112.2 2 0
github.com/whicu/hsa/internal/application/mocks/Authenticator.go:19.19,23.19 3 0
github.com/whicu/hsa/internal/application/mocks/Authenticator.go:23.19,23.49 1 0
github.com/whicu/hsa/internal/application/mocks/Authenticator.go:25.2,25.13 1 0
github.com/whicu/hsa/internal/application/mocks/Authenticator.go:37.59,39.2 1 0
github.com/whicu/hsa/internal/application/mocks/Authenticator.go:42.80,45.19 2 0
github.com/whicu/hsa/internal/application/mocks/Authenticator.go:45.19,46.47 1 0
github.com/whicu/hsa/internal/application/mocks/Authenticator.go:49.2,52.86 4 0
github.com/whicu/hsa/internal/application/mocks/Authenticator.go:52.86,54.3 1 0
github.com/whicu/hsa/internal/application/mocks/Authenticator.go:55.2,55.69 1 0
github.com/whicu/hsa/internal/application/mocks/Authenticator.go:55.69,57.3 1 0
github.com/whicu/hsa/internal/application/mocks/Authenticator.go:57.8,59.3 1 0
github.com/whicu/hsa/internal/application/mocks/Authenticator.go:60.2,60.69 1 0
github.com/whicu/hsa/internal/application/mocks/Authenticator.go:60.69,62.3 1 0
github.com/whicu/hsa/internal/application/mocks/Authenticator.go:62.8,63.24 1 0
github.com/whicu/hsa/internal/application/mocks/Authenticator.go:63.24,65.4 1 0
github.com/whicu/hsa/internal/application/mocks/Authenticator.go:67.2,67.68 1 0
github.com/whicu/hsa/internal/application/mocks/Authenticator.go:67.68,69.3 1 0
github.com/whicu/hsa/internal/application/mocks/Authenticator.go:69.8,71.3 1 0
github.com/whicu/hsa/internal/application/mocks/Authenticator.go:72.2,72.19 1 0
github.com/whicu/hsa/internal/application/mocks/Authenticator.go:82.76,84.2 1 0
github.com/whicu/hsa/internal/application/mocks/Authenticator.go:86.98,87.40 1 0
github.com/whicu/hsa/internal/application/mocks/Authenticator.go:87.40,89.21 2 0
github.com/whicu/hsa/internal/application/mocks/Authenticator.go:89.21,91.4 1 0
github.com/whicu/hsa/internal/application/mocks/Authenticator.go:92.3,94.4 1 0
github.com/whicu/hsa/internal/application/mocks/Authenticator.go:96.2,96.11 1 0
github.com/whicu/hsa/internal/application/mocks/Authenticator.go:99.127,102.2 2 0
github.com/whicu/hsa/internal/application/mocks/Authenticator.go:104.131,107.2 2 0
github.com/whicu/hsa/internal/application/mocks/Authenticator.go:110.139,113.19 2 0
github.com/whicu/hsa/internal/application/mocks/Authenticator.go:113.19,114.48 1 0
github.com/whicu/hsa/internal/application/mocks/Authenticator.go:117.2,119.120 3 0
github.com/whicu/hsa/internal/application/mocks/Authenticator.go:119.120,121.3 1 0
github.com/whicu/hsa/internal/application/mocks/Authenticator.go:122.2,122.111 1 0
github.com/whicu/hsa/internal/application/mocks/Authenticator.go:122.111,124.3 1 0
github.com/whicu/hsa/internal/application/mocks/Authenticator.go:124.8,126.3 1 0
github.com/whicu/hsa/internal/application/mocks/Authenticator.go:127.2,127.84 1 0
github.com/whicu/hsa/internal/application/mocks/Authenticator.go:127.84,129.3 1 0
github.com/whicu/hsa/internal/application/mocks/Authenticator.go:129.8,131.3 1 0
github.com/whicu/hsa/internal/application/mocks/Authenticator.go:132.2,132.15 1 0
github.com/whicu/hsa/internal/application/mocks/Authenticator.go:144.112,146.2 1 0
github.com/whicu/hsa/internal/application/mocks/Authenticator.go:148.140,149.40 1 0
github.com/whicu/hsa/internal/application/mocks/Authenticator.go:149.40,151.21 2 0
github.com/whicu/hsa/internal/application/mocks/Authenticator.go:151.21,153.4 1 0
github.com/whicu/hsa/internal/application/mocks/Authenticator.go:154.3,155.21 2 0
github.com/whicu/hsa/internal/application/mocks/Authenticator.go:155.21,157.4 1 0
github.com/whicu/hsa/internal/application/mocks/Authenticator.go:158.3,159.21 2 0
github.com/whicu/hsa/internal/application/mocks/Authenticator.go:159.21,161.4 1 0
github.com/whicu/hsa/internal/application/mocks/Authenticator.go:162.3,166.4 1 0
github.com/whicu/hsa/internal/application/mocks/Authenticator.go:168.2,168.11 1 0
github.com/whicu/hsa/internal/application/mocks/Authenticator.go:171.138,174.2 2 0
github.com/whicu/hsa/internal/application/mocks/Authenticator.go:176.191,179.2 2 0
github.com/whicu/hsa/internal/application/mocks/CredentialFinder.go:19.22,23.19 3 0
github.com/whicu/hsa/internal/application/mocks/CredentialFinder.go:23.19,23.49 1 0
github.com/whicu/hsa/internal/application/mocks/CredentialFinder.go:25.2,25.13 1 0
github.com/whicu/hsa/internal/application/mocks/CredentialFinder.go:37.65,39.2 1 0
github.com/whicu/hsa/internal/application/mocks/CredentialFinder.go:42.121,45.19 2 0
github.com/whicu/hsa/internal/application/mocks/CredentialFinder.go:45.19,46.58 1 0
github.com/whicu/hsa/internal/application/mocks/CredentialFinder.go:49.2,51.102 3 0
github.com/whicu/hsa/internal/application/mocks/CredentialFinder.go:51.102,53.3 1 0
github.com/whicu/hsa/internal/application/mocks/CredentialFinder.go:54.2,54.93 1 0
github.com/whicu/hsa/internal/application/mocks/CredentialFinder.go:54.93,56.3 1 0
github.com/whicu/hsa/internal/application/mocks/CredentialFinder.go:56.8,57.24 1 0
github.com/whicu/hsa/internal/application/mocks/CredentialFinder.go:57.24,59.4 1 0
github.com/whicu/hsa/internal/application/mocks/CredentialFinder.go:61.2,61.76 1 0
github.com/whicu/hsa/internal/application/mocks/CredentialFinder.go:61.76,63.3 1 0
github.com/whicu/hsa/internal/application/mocks/CredentialFinder.go:63.8,65.3 1 0
github.com/whicu/hsa/internal/application/mocks/CredentialFinder.go:66.2,66.15 1 0
github.com/whicu/hsa/internal/application/mocks/CredentialFinder.go:77.120,79.2 1 0
github.com/whicu/hsa/internal/application/mocks/CredentialFinder.go:81.145,82.40 1 0
github.com/whicu/hsa/internal/application/mocks/CredentialFinder.go:82.40,84.21 2 0
github.com/whicu/hsa/internal/application/mocks/CredentialFinder.go:84.21,86.4 1 0
github.com/whicu/hsa/internal/application/mocks/CredentialFinder.go:87.3,88.21 2 0
github.com/whicu/hsa/internal/application/mocks/CredentialFinder.go:88.21,90.4 1 0
github.com/whicu/hsa/internal/application/mocks/CredentialFinder.go:91.3,94.4 1 0
github.com/whicu/hsa/internal/application/mocks/CredentialFinder.go:96.2,96.11 1 0
github.com/whicu/hsa/internal/application/mocks/CredentialFinder.go:99.145,102.2 2 0
github.com/whicu/hsa/internal/application/mocks/CredentialFinder.go:104.186,107.2 2 0
github.com/whicu/hsa/internal/application/mocks/CredentialSaver.go:19.21,23.19 3 0
github.com/whicu/hsa/internal/application/mocks/CredentialSaver.go:23.19,23.49 1 0
github.com/whicu/hsa/internal/application/mocks/CredentialSaver.go:25.2,25.13 1 0
github.com/whicu/hsa/internal/application/mocks/CredentialSaver.go:37.63,39.2 1 0
github.com/whicu/hsa/internal/application/mocks/CredentialSaver.go:42.89,45.19 2 0
github.com/whicu/hsa/internal/application/mocks/CredentialSaver.go:45.19,46.46 1 0
github.com/whicu/hsa/internal/application/mocks/CredentialSaver.go:49.2,50.92 2 0
github.com/whicu/hsa/internal/application/mocks/CredentialSaver.go:50.92,52.3 1 0
github.com/whicu/hsa/internal/application/mocks/CredentialSaver.go:52.8,54.3 1 0
github.com/whicu/hsa/internal/application/mocks/CredentialSaver.go:55.2,55.11 1 0
github.com/whicu/hsa/internal/application/mocks/CredentialSaver.go:66.85,68.2 1 0
github.com/whicu/hsa/internal/application/mocks/CredentialSaver.go:70.126,71.40 1 0
github.com/whicu/hsa/internal/application/mocks/CredentialSaver.go:71.40,73.21 2 0
github.com/whicu/hsa/internal/application/mocks/CredentialSaver.go:73.21,75.4 1 0
github.com/whicu/hsa/internal/application/mocks/CredentialSaver.go:76.3,77.21 2 0
github.com/whicu/hsa/internal/application/mocks/CredentialSaver.go:77.21,79.4 1 0
github.com/whicu/hsa/internal/application/mocks/CredentialSaver.go:80.3,83.4 1 0
github.com/whicu/hsa/internal/application/mocks/CredentialSaver.go:85.2,85.11 1 0
github.com/whicu/hsa/internal/application/mocks/CredentialSaver.go:88.83,91.2 2 0
github.com/whicu/hsa/internal/application/mocks/CredentialSaver.go:93.141,96.2 2 0
github.com/whicu/hsa/internal/application/mocks/HashGenerator.go:16.19,20.19 3 0
github.com/whicu/hsa/internal/application/mocks/HashGenerator.go:20.19,20.49 1 0
github.com/whicu/hsa/internal/application/mocks/HashGenerator.go:22.2,22.13 1 0
github.com/whicu/hsa/internal/application/mocks/HashGenerator.go:34.59,36.2 1 0
github.com/whicu/hsa/internal/application/mocks/HashGenerator.go:39.70,42.19 2 0
github.com/whicu/hsa/internal/application/mocks/HashGenerator.go:42.19,43.54 1 0
github.com/whicu/hsa/internal/application/mocks/HashGenerator.go:46.2,48.69 3 0
github.com/whicu/hsa/internal/application/mocks/HashGenerator.go:48.69,50.3 1 0
github.com/whicu/hsa/internal/application/mocks/HashGenerator.go:51.2,51.60 1 0
github.com/whicu/hsa/internal/application/mocks/HashGenerator.go:51.60,53.3 1 0
github.com/whicu/hsa/internal/application/mocks/HashGenerator.go:53.8,55.3 1 0
github.com/whicu/hsa/internal/application/mocks/HashGenerator.go:56.2,56.59 1 0
github.com/whicu/hsa/internal/application/mocks/HashGenerator.go:56.59,58.3 1 0
github.com/whicu/hsa/internal/application/mocks/HashGenerator.go:58.8,60.3 1 0
github.com/whicu/hsa/internal/application/mocks/HashGenerator.go:61.2,61.15 1 0
github.com/whicu/hsa/internal/application/mocks/HashGenerator.go:71.90,73.2 1 0
github.com/whicu/hsa/internal/application/mocks/HashGenerator.go:75.103,76.40 1 0
github.com/whicu/hsa/internal/application/mocks/HashGenerator.go:76.40,78.21 2 0
github.com/whicu/hsa/internal/application/mocks/HashGenerator.go:78.21,80.4 1 0
github.com/whicu/hsa/internal/application/mocks/HashGenerator.go:81.3,83.4 1 0
github.com/whicu/hsa/internal/application/mocks/HashGenerator.go:85.2,85.11 1 0
github.com/whicu/hsa/internal/application/mocks/HashGenerator.go:88.105,91.2 2 0
github.com/whicu/hsa/internal/application/mocks/HashGenerator.go:93.128,96.2 2 0
github.com/whicu/hsa/internal/application/mocks/IDGenerator.go:17.17,21.19 3 0
github.com/whicu/hsa/internal/application/mocks/IDGenerator.go:21.19,21.49 1 0
github.com/whicu/hsa/internal/application/mocks/IDGenerator.go:23.2,23.13 1 0
github.com/whicu/hsa/internal/application/mocks/IDGenerator.go:35.55,37.2 1 0
github.com/whicu/hsa/internal/application/mocks/IDGenerator.go:40.45,43.19 2 0
github.com/whicu/hsa/internal/application/mocks/IDGenerator.go:43.19,44.47 1 0
github.com/whicu/hsa/internal/application/mocks/IDGenerator.go:47.2,48.57 2 0
github.com/whicu/hsa/internal/application/mocks/IDGenerator.go:48.57,50.3 1 0
github.com/whicu/hsa/internal/application/mocks/IDGenerator.go:50.8,51.24 1 0
github.com/whicu/hsa/internal/application/mocks/IDGenerator.go:51.24,53.4 1 0
github.com/whicu/hsa/internal/application/mocks/IDGenerator.go:55.2,55.11 1 0
github.com/whicu/hsa/internal/application/mocks/IDGenerator.go:64.65,66.2 1 0
github.com/whicu/hsa/internal/application/mocks/IDGenerator.go:68.75,69.40 1 0
github.com/whicu/hsa/internal/application/mocks/IDGenerator.go:69.40,71.3 1 0
github.com/whicu/hsa/internal/application/mocks/IDGenerator.go:72.2,72.11 1 0
github.com/whicu/hsa/internal/application/mocks/IDGenerator.go:75.82,78.2 2 0
github.com/whicu/hsa/internal/application/mocks/IDGenerator.go:80.94,83.2 2 0
github.com/whicu/hsa/internal/application/mocks/InviteFinderByCode.go:19.24,23.19 3 0
github.com/whicu/hsa/internal/application/mocks/InviteFinderByCode.go:23.19,23.49 1 0
github.com/whicu/hsa/internal/application/mocks/InviteFinderByCode.go:25.2,25.13 1 0
github.com/whicu/hsa/internal/application/mocks/InviteFinderByCode.go:37.69,39.2 1 0
github.com/whicu/hsa/internal/application/mocks/InviteFinderByCode.go:42.107,45.19 2 0
github.com/whicu/hsa/internal/application/mocks/InviteFinderByCode.go:45.19,46.56 1 0
github.com/whicu/hsa/internal/application/mocks/InviteFinderByCode.go:49.2,51.94 3 0
github.com/whicu/hsa/internal/application/mocks/InviteFinderByCode.go:51.94,53.3 1 0
github.com/whicu/hsa/internal/application/mocks/InviteFinderByCode.go:54.2,54.85 1 0
github.com/whicu/hsa/internal/application/mocks/InviteFinderByCode.go:54.85,56.3 1 0
github.com/whicu/hsa/internal/application/mocks/InviteFinderByCode.go:56.8,57.24 1 0
github.com/whicu/hsa/internal/application/mocks/InviteFinderByCode.go:57.24,59.4 1 0
github.com/whicu/hsa/internal/application/mocks/InviteFinderByCode.go:61.2,61.76 1 0
github.com/whicu/hsa/internal/application/mocks/InviteFinderByCode.go:61.76,63.3 1 0
github.com/whicu/hsa/internal/application/mocks/InviteFinderByCode.go:63.8,65.3 1 0
github.com/whicu/hsa/internal/application/mocks/InviteFinderByCode.go:66.2,66.15 1 0
github.com/whicu/hsa/internal/application/mocks/InviteFinderByCode.go:77.114,79.2 1 0
github.com/whicu/hsa/internal/application/mocks/InviteFinderByCode.go:81.139,82.40 1 0
github.com/whicu/hsa/internal/application/mocks/InviteFinderByCode.go:82.40,84.21 2 0
github.com/whicu/hsa/internal/application/mocks/InviteFinderByCode.go:84.21,86.4 1 0
github.com/whicu/hsa/internal/application/mocks/InviteFinderByCode.go:87.3,88.21 2 0
github.com/whicu/hsa/internal/application/mocks/InviteFinderByCode.go:88.21,90.4 1 0
github.com/whicu/hsa/internal/application/mocks/InviteFinderByCode.go:91.3,94.4 1 0
github.com/whicu/hsa/internal/application/mocks/InviteFinderByCode.go:96.2,96.11 1 0
github.com/whicu/hsa/internal/application/mocks/InviteFinderByCode.go:99.133,102.2 2 0
github.com/whicu/hsa/internal/application/mocks/InviteFinderByCode.go:104.172,107.2 2 0
github.com/whicu/hsa/internal/application/mocks/InviteFinderByID.go:19.22,23.19 3 0
github.com/whicu/hsa/internal/application/mocks/InviteFinderByID.go:23.19,23.49 1 0
github.com/whicu/hsa/internal/application/mocks/InviteFinderByID.go:25.2,25.13 1 0
github.com/whicu/hsa/internal/application/mocks/InviteFinderByID.go:37.65,39.2 1 0
github.com/whicu/hsa/internal/application/mocks/InviteFinderByID.go:42.106,45.19 2 0
github.com/whicu/hsa/internal/application/mocks/InviteFinderByID.go:45.19,46.50 1 0
github.com/whicu/hsa/internal/application/mocks/InviteFinderByID.go:49.2,51.103 3 0
github.com/whicu/hsa/internal/application/mocks/InviteFinderByID.go:51.103,53.3 1 0
github.com/whicu/hsa/internal/application/mocks/InviteFinderByID.go:54.2,54.94 1 0
github.com/whicu/hsa/internal/application/mocks/InviteFinderByID.go:54.94,56.3 1 0
github.com/whicu/hsa/internal/application/mocks/InviteFinderByID.go:56.8,57.24 1 0
github.com/whicu/hsa/internal/application/mocks/InviteFinderByID.go:57.24,59.4 1 0
github.com/whicu/hsa/internal/application/mocks/InviteFinderByID.go:61.2,61.85 1 0
github.com/whicu/hsa/internal/application/mocks/InviteFinderByID.go:61.85,63.3 1 0
github.com/whicu/hsa/internal/application/mocks/InviteFinderByID.go:63.8,65.3 1 0
github.com/whicu/hsa/internal/application/mocks/InviteFinderByID.go:66.2,66.15 1 0
github.com/whicu/hsa/internal/application/mocks/InviteFinderByID.go:77.96,79.2 1 0
github.com/whicu/hsa/internal/application/mocks/InviteFinderByID.go:81.130,82.40 1 0
github.com/whicu/hsa/internal/application/mocks/InviteFinderByID.go:82.40,84.21 2 0
github.com/whicu/hsa/internal/application/mocks/InviteFinderByID.go:84.21,86.4 1 0
github.com/whicu/hsa/internal/application/mocks/InviteFinderByID.go:87.3,88.21 2 0
github.com/whicu/hsa/internal/application/mocks/InviteFinderByID.go:88.21,90.4 1 0
github.com/whicu/hsa/internal/application/mocks/InviteFinderByID.go:91.3,94.4 1 0
github.com/whicu/hsa/internal/application/mocks/InviteFinderByID.go:96.2,96.11 1 0
github.com/whicu/hsa/internal/application/mocks/InviteFinderByID.go:99.117,102.2 2 0
github.com/whicu/hsa/internal/application/mocks/InviteFinderByID.go:104.163,107.2 2 0
github.com/whicu/hsa/internal/application/mocks/InviteFinderByID.go:110.82,113.19 2 0
github.com/whicu/hsa/internal/application/mocks/InviteFinderByID.go:113.19,114.46 1 0
github.com/whicu/hsa/internal/application/mocks/InviteFinderByID.go:117.2,118.84 2 0
github.com/whicu/hsa/internal/application/mocks/InviteFinderByID.go:118.84,120.3 1 0
github.com/whicu/hsa/internal/application/mocks/InviteFinderByID.go:120.8,122.3 1 0
github.com/whicu/hsa/internal/application/mocks/InviteFinderByID.go:123.2,123.11 1 0
github.com/whicu/hsa/internal/application/mocks/InviteFinderByID.go:134.87,136.2 1 0
github.com/whicu/hsa/internal/application/mocks/InviteFinderByID.go:138.120,139.40 1 0
github.com/whicu/hsa/internal/application/mocks/InviteFinderByID.go:139.40,141.21 2 0
github.com/whicu/hsa/internal/application/mocks/InviteFinderByID.go:141.21,143.4 1 0
github.com/whicu/hsa/internal/application/mocks/InviteFinderByID.go:144.3,145.21 2 0
github.com/whicu/hsa/internal/application/mocks/InviteFinderByID.go:145.21,147.4 1 0
github.com/whicu/hsa/internal/application/mocks/InviteFinderByID.go:148.3,151.4 1 0
github.com/whicu/hsa/internal/application/mocks/InviteFinderByID.go:153.2,153.11 1 0
github.com/whicu/hsa/internal/application/mocks/InviteFinderByID.go:156.85,159.2 2 0
github.com/whicu/hsa/internal/application/mocks/InviteFinderByID.go:161.135,164.2 2 0
github.com/whicu/hsa/internal/application/mocks/InviteSaver.go:19.17,23.19 3 0
github.com/whicu/hsa/internal/application/mocks/InviteSaver.go:23.19,23.49 1 0
github.com/whicu/hsa/internal/application/mocks/InviteSaver.go:25.2,25.13 1 0
github.com/whicu/hsa/internal/application/mocks/InviteSaver.go:37.55,39.2 1 0
github.com/whicu/hsa/internal/application/mocks/InviteSaver.go:42.77,45.19 2 0
github.com/whicu/hsa/internal/application/mocks/InviteSaver.go:45.19,46.46 1 0
github.com/whicu/hsa/internal/application/mocks/InviteSaver.go:49.2,50.84 2 0
github.com/whicu/hsa/internal/application/mocks/InviteSaver.go:50.84,52.3 1 0
github.com/whicu/hsa/internal/application/mocks/InviteSaver.go:52.8,54.3 1 0
github.com/whicu/hsa/internal/application/mocks/InviteSaver.go:55.2,55.11 1 0
github.com/whicu/hsa/internal/application/mocks/InviteSaver.go:66.77,68.2 1 0
github.com/whicu/hsa/internal/application/mocks/InviteSaver.go:70.110,71.40 1 0
github.com/whicu/hsa/internal/application/mocks/InviteSaver.go:71.40,73.21 2 0
github.com/whicu/hsa/internal/application/mocks/InviteSaver.go:73.21,75.4 1 0
github.com/whicu/hsa/internal/application/mocks/InviteSaver.go:76.3,77.21 2 0
github.com/whicu/hsa/internal/application/mocks/InviteSaver.go:77.21,79.4 1 0
github.com/whicu/hsa/internal/application/mocks/InviteSaver.go:80.3,83.4 1 0
github.com/whicu/hsa/internal/application/mocks/InviteSaver.go:85.2,85.11 1 0
github.com/whicu/hsa/internal/application/mocks/InviteSaver.go:88.75,91.2 2 0
github.com/whicu/hsa/internal/application/mocks/InviteSaver.go:93.125,96.2 2 0
github.com/whicu/hsa/internal/application/mocks/RefreshTokenSaver.go:19.23,23.19 3 0
github.com/whicu/hsa/internal/application/mocks/RefreshTokenSaver.go:23.19,23.49 1 0
github.com/whicu/hsa/internal/application/mocks/RefreshTokenSaver.go:25.2,25.13 1 0
github.com/whicu/hsa/internal/application/mocks/RefreshTokenSaver.go:37.67,39.2 1 0
github.com/whicu/hsa/internal/application/mocks/RefreshTokenSaver.go:42.90,45.19 2 0
github.com/whicu/hsa/internal/application/mocks/RefreshTokenSaver.go:45.19,46.46 1 0
github.com/whicu/hsa/internal/application/mocks/RefreshTokenSaver.go:49.2,50.91 2 0
github.com/whicu/hsa/internal/application/mocks/RefreshTokenSaver.go:50.91,52.3 1 0
github.com/whicu/hsa/internal/application/mocks/RefreshTokenSaver.go:52.8,54.3 1 0
github.com/whicu/hsa/internal/application/mocks/RefreshTokenSaver.go:55.2,55.11 1 0
github.com/whicu/hsa/internal/application/mocks/RefreshTokenSaver.go:66.89,68.2 1 0
github.com/whicu/hsa/internal/application/mocks/RefreshTokenSaver.go:70.129,71.40 1 0
github.com/whicu/hsa/internal/application/mocks/RefreshTokenSaver.go:71.40,73.21 2 0
github.com/whicu/hsa/internal/application/mocks/RefreshTokenSaver.go:73.21,75.4 1 0
github.com/whicu/hsa/internal/application/mocks/RefreshTokenSaver.go:76.3,77.21 2 0
github.com/whicu/hsa/internal/application/mocks/RefreshTokenSaver.go:77.21,79.4 1 0
github.com/whicu/hsa/internal/application/mocks/RefreshTokenSaver.go:80.3,83.4 1 0
github.com/whicu/hsa/internal/application/mocks/RefreshTokenSaver.go:85.2,85.11 1 0
github.com/whicu/hsa/internal/application/mocks/RefreshTokenSaver.go:88.87,91.2 2 0
github.com/whicu/hsa/internal/application/mocks/RefreshTokenSaver.go:93.144,96.2 2 0
github.com/whicu/hsa/internal/application/mocks/Registrator.go:21.17,25.19 3 0
github.com/whicu/hsa/internal/application/mocks/Registrator.go:25.19,25.49 1 0
github.com/whicu/hsa/internal/application/mocks/Registrator.go:27.2,27.13 1 0
github.com/whicu/hsa/internal/application/mocks/Registrator.go:39.55,41.2 1 0
github.com/whicu/hsa/internal/application/mocks/Registrator.go:44.133,47.19 2 0
github.com/whicu/hsa/internal/application/mocks/Registrator.go:47.19,48.47 1 0
github.com/whicu/hsa/internal/application/mocks/Registrator.go:51.2,54.116 4 0
github.com/whicu/hsa/internal/application/mocks/Registrator.go:54.116,56.3 1 0
github.com/whicu/hsa/internal/application/mocks/Registrator.go:57.2,57.99 1 0
github.com/whicu/hsa/internal/application/mocks/Registrator.go:57.99,59.3 1 0
github.com/whicu/hsa/internal/application/mocks/Registrator.go:59.8,61.3 1 0
github.com/whicu/hsa/internal/application/mocks/Registrator.go:62.2,62.99 1 0
github.com/whicu/hsa/internal/application/mocks/Registrator.go:62.99,64.3 1 0
github.com/whicu/hsa/internal/application/mocks/Registrator.go:64.8,65.24 1 0
github.com/whicu/hsa/internal/application/mocks/Registrator.go:65.24,67.4 1 0
github.com/whicu/hsa/internal/application/mocks/Registrator.go:69.2,69.98 1 0
github.com/whicu/hsa/internal/application/mocks/Registrator.go:69.98,71.3 1 0
github.com/whicu/hsa/internal/application/mocks/Registrator.go:71.8,73.3 1 0
github.com/whicu/hsa/internal/application/mocks/Registrator.go:74.2,74.19 1 0
github.com/whicu/hsa/internal/application/mocks/Registrator.go:86.107,88.2 1 0
github.com/whicu/hsa/internal/application/mocks/Registrator.go:90.149,91.40 1 0
github.com/whicu/hsa/internal/application/mocks/Registrator.go:91.40,93.21 2 0
github.com/whicu/hsa/internal/application/mocks/Registrator.go:93.21,95.4 1 0
github.com/whicu/hsa/internal/application/mocks/Registrator.go:96.3,97.21 2 0
github.com/whicu/hsa/internal/application/mocks/Registrator.go:97.21,99.4 1 0
github.com/whicu/hsa/internal/application/mocks/Registrator.go:100.3,101.21 2 0
github.com/whicu/hsa/internal/application/mocks/Registrator.go:101.21,103.4 1 0
github.com/whicu/hsa/internal/application/mocks/Registrator.go:104.3,108.4 1 0
github.com/whicu/hsa/internal/application/mocks/Registrator.go:110.2,110.11 1 0
github.com/whicu/hsa/internal/application/mocks/Registrator.go:113.124,116.2 2 0
github.com/whicu/hsa/internal/application/mocks/Registrator.go:118.182,121.2 2 0
github.com/whicu/hsa/internal/application/mocks/Registrator.go:124.135,127.19 2 0
github.com/whicu/hsa/internal/application/mocks/Registrator.go:127.19,128.48 1 0
github.com/whicu/hsa/internal/application/mocks/Registrator.go:131.2,133.118 3 0
github.com/whicu/hsa/internal/application/mocks/Registrator.go:133.118,135.3 1 0
github.com/whicu/hsa/internal/application/mocks/Registrator.go:136.2,136.109 1 0
github.com/whicu/hsa/internal/application/mocks/Registrator.go:136.109,138.3 1 0
github.com/whicu/hsa/internal/application/mocks/Registrator.go:138.8,140.3 1 0
github.com/whicu/hsa/internal/application/mocks/Registrator.go:141.2,141.84 1 0
github.com/whicu/hsa/internal/application/mocks/Registrator.go:141.84,143.3 1 0
github.com/whicu/hsa/internal/application/mocks/Registrator.go:143.8,145.3 1 0
github.com/whicu/hsa/internal/application/mocks/Registrator.go:146.2,146.15 1 0
github.com/whicu/hsa/internal/application/mocks/Registrator.go:158.108,160.2 1 0
github.com/whicu/hsa/internal/application/mocks/Registrator.go:162.136,163.40 1 0
github.com/whicu/hsa/internal/application/mocks/Registrator.go:163.40,165.21 2 0
github.com/whicu/hsa/internal/application/mocks/Registrator.go:165.21,167.4 1 0
github.com/whicu/hsa/internal/application/mocks/Registrator.go:168.3,169.21 2 0
github.com/whicu/hsa/internal/application/mocks/Registrator.go:169.21,171.4 1 0
github.com/whicu/hsa/internal/application/mocks/Registrator.go:172.3,173.21 2 0
github.com/whicu/hsa/internal/application/mocks/Registrator.go:173.21,175.4 1 0
github.com/whicu/hsa/internal/application/mocks/Registrator.go:176.3,180.4 1 0
github.com/whicu/hsa/internal/application/mocks/Registrator.go:182.2,182.11 1 0
github.com/whicu/hsa/internal/application/mocks/Registrator.go:185.130,188.2 2 0
github.com/whicu/hsa/internal/application/mocks/Registrator.go:190.185,193.2 2 0
github.com/whicu/hsa/internal/application/mocks/TokenGenerator.go:16.20,20.19 3 0
github.com/whicu/hsa/internal/application/mocks/TokenGenerator.go:20.19,20.49 1 0
github.com/whicu/hsa/internal/application/mocks/TokenGenerator.go:22.2,22.13 1 0
github.com/whicu/hsa/internal/application/mocks/TokenGenerator.go:34.61,36.2 1 0
github.com/whicu/hsa/internal/application/mocks/TokenGenerator.go:39.80,42.19 2 0
github.com/whicu/hsa/internal/application/mocks/TokenGenerator.go:42.19,43.55 1 0
github.com/whicu/hsa/internal/application/mocks/TokenGenerator.go:46.2,49.74 4 0
github.com/whicu/hsa/internal/application/mocks/TokenGenerator.go:49.74,51.3 1 0
github.com/whicu/hsa/internal/application/mocks/TokenGenerator.go:52.2,52.57 1 0
github.com/whicu/hsa/internal/application/mocks/TokenGenerator.go:52.57,54.3 1 0
github.com/whicu/hsa/internal/application/mocks/TokenGenerator.go:54.8,56.3 1 0
github.com/whicu/hsa/internal/application/mocks/TokenGenerator.go:57.2,57.57 1 0
github.com/whicu/hsa/internal/application/mocks/TokenGenerator.go:57.57,59.3 1 0
github.com/whicu/hsa/internal/application/mocks/TokenGenerator.go:59.8,61.3 1 0
github.com/whicu/hsa/internal/application/mocks/TokenGenerator.go:62.2,62.56 1 0
github.com/whicu/hsa/internal/application/mocks/TokenGenerator.go:62.56,64.3 1 0
github.com/whicu/hsa/internal/application/mocks/TokenGenerator.go:64.8,66.3 1 0
github.com/whicu/hsa/internal/application/mocks/TokenGenerator.go:67.2,67.19 1 0
github.com/whicu/hsa/internal/application/mocks/TokenGenerator.go:77.97,79.2 1 0
github.com/whicu/hsa/internal/application/mocks/TokenGenerator.go:81.107,82.40 1 0
github.com/whicu/hsa/internal/application/mocks/TokenGenerator.go:82.40,84.21 2 0
github.com/whicu/hsa/internal/application/mocks/TokenGenerator.go:84.21,86.4 1 0
github.com/whicu/hsa/internal/application/mocks/TokenGenerator.go:87.3,89.4 1 0
github.com/whicu/hsa/internal/application/mocks/TokenGenerator.go:91.2,91.11 1 0
github.com/whicu/hsa/internal/application/mocks/TokenGenerator.go:94.126,97.2 2 0
github.com/whicu/hsa/internal/application/mocks/TokenGenerator.go:99.140,102.2 2 0
github.com/whicu/hsa/internal/application/mocks/TokenIssuer.go:19.17,23.19 3 0
github.com/whicu/hsa/internal/application/mocks/TokenIssuer.go:23.19,23.49 1 0
github.com/whicu/hsa/internal/application/mocks/TokenIssuer.go:25.2,25.13 1 0
github.com/whicu/hsa/internal/application/mocks/TokenIssuer.go:37.55,39.2 1 0
github.com/whicu/hsa/internal/application/mocks/TokenIssuer.go:42.99,45.19 2 0
github.com/whicu/hsa/internal/application/mocks/TokenIssuer.go:45.19,46.58 1 0
github.com/whicu/hsa/internal/application/mocks/TokenIssuer.go:49.2,51.89 3 0
github.com/whicu/hsa/internal/application/mocks/TokenIssuer.go:51.89,53.3 1 0
github.com/whicu/hsa/internal/application/mocks/TokenIssuer.go:54.2,54.80 1 0
github.com/whicu/hsa/internal/application/mocks/TokenIssuer.go:54.80,56.3 1 0
github.com/whicu/hsa/internal/application/mocks/TokenIssuer.go:56.8,58.3 1 0
github.com/whicu/hsa/internal/application/mocks/TokenIssuer.go:59.2,59.79 1 0
github.com/whicu/hsa/internal/application/mocks/TokenIssuer.go:59.79,61.3 1 0
github.com/whicu/hsa/internal/application/mocks/TokenIssuer.go:61.8,63.3 1 0
github.com/whicu/hsa/internal/application/mocks/TokenIssuer.go:64.2,64.15 1 0
github.com/whicu/hsa/internal/application/mocks/TokenIssuer.go:75.106,77.2 1 0
github.com/whicu/hsa/internal/application/mocks/TokenIssuer.go:79.134,80.40 1 0
github.com/whicu/hsa/internal/application/mocks/TokenIssuer.go:80.40,82.21 2 0
github.com/whicu/hsa/internal/application/mocks/TokenIssuer.go:82.21,84.4 1 0
github.com/whicu/hsa/internal/application/mocks/TokenIssuer.go:85.3,86.21 2 0
github.com/whicu/hsa/internal/application/mocks/TokenIssuer.go:86.21,88.4 1 0
github.com/whicu/hsa/internal/application/mocks/TokenIssuer.go:89.3,92.4 1 0
github.com/whicu/hsa/internal/application/mocks/TokenIssuer.go:94.2,94.11 1 0
github.com/whicu/hsa/internal/application/mocks/TokenIssuer.go:97.109,100.2 2 0
github.com/whicu/hsa/internal/application/mocks/TokenIssuer.go:102.159,105.2 2 0
github.com/whicu/hsa/internal/application/mocks/Transactor.go:18.16,22.19 3 0
github.com/whicu/hsa/internal/application/mocks/Transactor.go:22.19,22.49 1 0
github.com/whicu/hsa/internal/application/mocks/Transactor.go:24.2,24.13 1 0
github.com/whicu/hsa/internal/application/mocks/Transactor.go:36.53,38.2 1 0
github.com/whicu/hsa/internal/application/mocks/Transactor.go:41.106,44.19 2 0
github.com/whicu/hsa/internal/application/mocks/Transactor.go:44.19,45.58 1 0
github.com/whicu/hsa/internal/application/mocks/Transactor.go:48.2,49.101 2 0
github.com/whicu/hsa/internal/application/mocks/Transactor.go:49.101,51.3 1 0
github.com/whicu/hsa/internal/application/mocks/Transactor.go:51.8,53.3 1 0
github.com/whicu/hsa/internal/application/mocks/Transactor.go:54.2,54.11 1 0
github.com/whicu/hsa/internal/application/mocks/Transactor.go:65.100,67.2 1 0
github.com/whicu/hsa/internal/application/mocks/Transactor.go:69.150,70.40 1 0
github.com/whicu/hsa/internal/application/mocks/Transactor.go:70.40,72.21 2 0
github.com/whicu/hsa/internal/application/mocks/Transactor.go:72.21,74.4 1 0
github.com/whicu/hsa/internal/application/mocks/Transactor.go:75.3,76.21 2 0
github.com/whicu/hsa/internal/application/mocks/Transactor.go:76.21,78.4 1 0
github.com/whicu/hsa/internal/application/mocks/Transactor.go:79.3,82.4 1 0
github.com/whicu/hsa/internal/application/mocks/Transactor.go:84.2,84.11 1 0
github.com/whicu/hsa/internal/application/mocks/Transactor.go:87.97,90.2 2 0
github.com/whicu/hsa/internal/application/mocks/Transactor.go:92.165,95.2 2 0
github.com/whicu/hsa/internal/application/mocks/UserSaver.go:19.15,23.19 3 0
github.com/whicu/hsa/internal/application/mocks/UserSaver.go:23.19,23.49 1 0
github.com/whicu/hsa/internal/application/mocks/UserSaver.go:25.2,25.13 1 0
github.com/whicu/hsa/internal/application/mocks/UserSaver.go:37.51,39.2 1 0
github.com/whicu/hsa/internal/application/mocks/UserSaver.go:42.71,45.19 2 0
github.com/whicu/hsa/internal/application/mocks/UserSaver.go:45.19,46.46 1 0
github.com/whicu/hsa/internal/application/mocks/UserSaver.go:49.2,50.80 2 0
github.com/whicu/hsa/internal/application/mocks/UserSaver.go:50.80,52.3 1 0
github.com/whicu/hsa/internal/application/mocks/UserSaver.go:52.8,54.3 1 0
github.com/whicu/hsa/internal/application/mocks/UserSaver.go:55.2,55.11 1 0
github.com/whicu/hsa/internal/application/mocks/UserSaver.go:66.73,68.2 1 0
github.com/whicu/hsa/internal/application/mocks/UserSaver.go:70.102,71.40 1 0
github.com/whicu/hsa/internal/application/mocks/UserSaver.go:71.40,73.21 2 0
github.com/whicu/hsa/internal/application/mocks/UserSaver.go:73.21,75.4 1 0
github.com/whicu/hsa/internal/application/mocks/UserSaver.go:76.3,77.21 2 0
github.com/whicu/hsa/internal/application/mocks/UserSaver.go:77.21,79.4 1 0
github.com/whicu/hsa/internal/application/mocks/UserSaver.go:80.3,83.4 1 0
github.com/whicu/hsa/internal/application/mocks/UserSaver.go:85.2,85.11 1 0
github.com/whicu/hsa/internal/application/mocks/UserSaver.go:88.71,91.2 2 0
github.com/whicu/hsa/internal/application/mocks/UserSaver.go:93.117,96.2 2 0
github.com/whicu/hsa/internal/application/mocks/WrappedKeySaver.go:19.21,23.19 3 0
github.com/whicu/hsa/internal/application/mocks/WrappedKeySaver.go:23.19,23.49 1 0
github.com/whicu/hsa/internal/application/mocks/WrappedKeySaver.go:25.2,25.13 1 0
github.com/whicu/hsa/internal/application/mocks/WrappedKeySaver.go:37.63,39.2 1 0
github.com/whicu/hsa/internal/application/mocks/WrappedKeySaver.go:42.90,45.19 2 0
github.com/whicu/hsa/internal/application/mocks/WrappedKeySaver.go:45.19,46.49 1 0
github.com/whicu/hsa/internal/application/mocks/WrappedKeySaver.go:49.2,50.87 2 0
github.com/whicu/hsa/internal/application/mocks/WrappedKeySaver.go:50.87,52.3 1 0
github.com/whicu/hsa/internal/application/mocks/WrappedKeySaver.go:52.8,54.3 1 0
github.com/whicu/hsa/internal/application/mocks/WrappedKeySaver.go:55.2,55.11 1 0
github.com/whicu/hsa/internal/application/mocks/WrappedKeySaver.go:66.94,68.2 1 0
github.com/whicu/hsa/internal/application/mocks/WrappedKeySaver.go:70.130,71.40 1 0
github.com/whicu/hsa/internal/application/mocks/WrappedKeySaver.go:71.40,73.21 2 0
github.com/whicu/hsa/internal/application/mocks/WrappedKeySaver.go:73.21,75.4 1 0
github.com/whicu/hsa/internal/application/mocks/WrappedKeySaver.go:76.3,77.21 2 0
github.com/whicu/hsa/internal/application/mocks/WrappedKeySaver.go:77.21,79.4 1 0
github.com/whicu/hsa/internal/application/mocks/WrappedKeySaver.go:80.3,83.4 1 0
github.com/whicu/hsa/internal/application/mocks/WrappedKeySaver.go:85.2,85.11 1 0
github.com/whicu/hsa/internal/application/mocks/WrappedKeySaver.go:88.89,91.2 2 0
github.com/whicu/hsa/internal/application/mocks/WrappedKeySaver.go:93.145,96.2 2 0
