mode: atomic
github.com/whicu/hsa/internal/application/begin_invite_registration.go:33.28,41.2 1 6
github.com/whicu/hsa/internal/application/begin_invite_registration.go:43.143,49.16 4 6
github.com/whicu/hsa/internal/application/begin_invite_registration.go:49.16,54.3 2 1
github.com/whicu/hsa/internal/application/begin_invite_registration.go:56.2,57.16 2 5
github.com/whicu/hsa/internal/application/begin_invite_registration.go:57.16,62.3 2 1
github.com/whicu/hsa/internal/application/begin_invite_registration.go:64.2,64.18 1 4
github.com/whicu/hsa/internal/application/begin_invite_registration.go:64.18,69.3 2 1
github.com/whicu/hsa/internal/application/begin_invite_registration.go:71.2,71.24 1 3
github.com/whicu/hsa/internal/application/begin_invite_registration.go:71.24,77.3 2 1
github.com/whicu/hsa/internal/application/begin_invite_registration.go:79.2,82.16 3 2
github.com/whicu/hsa/internal/application/begin_invite_registration.go:82.16,89.3 2 1
github.com/whicu/hsa/internal/application/begin_invite_registration.go:91.2,96.25 2 1
github.com/whicu/hsa/internal/application/begin_login.go:13.79,18.2 1 9
github.com/whicu/hsa/internal/application/begin_login.go:20.91,24.16 3 2
github.com/whicu/hsa/internal/application/begin_login.go:24.16,29.3 2 1
github.com/whicu/hsa/internal/application/begin_login.go:31.2,33.25 2 1
github.com/whicu/hsa/internal/application/create_invite.go:40.17,50.2 1 7
github.com/whicu/hsa/internal/application/create_invite.go:52.104,59.16 4 7
github.com/whicu/hsa/internal/application/create_invite.go:59.16,65.3 2 1
github.com/whicu/hsa/internal/application/create_invite.go:67.2,67.50 1 6
github.com/whicu/hsa/internal/application/create_invite.go:67.50,74.3 2 2
github.com/whicu/hsa/internal/application/create_invite.go:76.2,77.16 2 4
github.com/whicu/hsa/internal/application/create_invite.go:77.16,83.3 2 1
github.com/whicu/hsa/internal/application/create_invite.go:85.2,92.16 2 3
github.com/whicu/hsa/internal/application/create_invite.go:92.16,98.3 2 0
github.com/whicu/hsa/internal/application/create_invite.go:100.2,100.49 1 3
github.com/whicu/hsa/internal/application/create_invite.go:100.49,107.3 2 1
github.com/whicu/hsa/internal/application/create_invite.go:109.2,115.35 2 2
github.com/whicu/hsa/internal/application/finish_invite_registration.go:69.29,83.2 1 7
github.com/whicu/hsa/internal/application/finish_invite_registration.go:92.42,94.2 1 1
github.com/whicu/hsa/internal/application/finish_invite_registration.go:105.57,107.2 1 15
github.com/whicu/hsa/internal/application/finish_invite_registration.go:115.59,117.2 1 15
github.com/whicu/hsa/internal/application/finish_invite_registration.go:119.141,122.30 2 6
github.com/whicu/hsa/internal/application/finish_invite_registration.go:122.30,125.3 2 1
github.com/whicu/hsa/internal/application/finish_invite_registration.go:127.2,130.16 3 5
github.com/whicu/hsa/internal/application/finish_invite_registration.go:130.16,133.3 2 1
github.com/whicu/hsa/internal/application/finish_invite_registration.go:135.2,137.76 2 4
github.com/whicu/hsa/internal/application/finish_invite_registration.go:137.76,139.19 2 4
github.com/whicu/hsa/internal/application/finish_invite_registration.go:139.19,141.4 1 2
github.com/whicu/hsa/internal/application/finish_invite_registration.go:143.3,144.19 2 2
github.com/whicu/hsa/internal/application/finish_invite_registration.go:144.19,146.4 1 0
github.com/whicu/hsa/internal/application/finish_invite_registration.go:148.3,148.92 1 2
github.com/whicu/hsa/internal/application/finish_invite_registration.go:148.92,150.4 1 1
github.com/whicu/hsa/internal/application/finish_invite_registration.go:152.3,153.19 2 1
github.com/whicu/hsa/internal/application/finish_invite_registration.go:153.19,156.4 2 0
github.com/whicu/hsa/internal/application/finish_invite_registration.go:158.3,159.13 2 1
github.com/whicu/hsa/internal/application/finish_invite_registration.go:162.2,162.16 1 4
github.com/whicu/hsa/internal/application/finish_invite_registration.go:162.16,169.3 2 3
github.com/whicu/hsa/internal/application/finish_invite_registration.go:171.2,177.18 2 1
github.com/whicu/hsa/internal/application/finish_invite_registration.go:182.156,184.16 2 4
github.com/whicu/hsa/internal/application/finish_invite_registration.go:184.16,185.41 1 1
github.com/whicu/hsa/internal/application/finish_invite_registration.go:185.41,188.4 2 1
github.com/whicu/hsa/internal/application/finish_invite_registration.go:189.3,190.18 2 0
github.com/whicu/hsa/internal/application/finish_invite_registration.go:193.2,193.47 1 3
github.com/whicu/hsa/internal/application/finish_invite_registration.go:193.47,196.3 2 1
github.com/whicu/hsa/internal/application/finish_invite_registration.go:198.2,198.49 1 2
github.com/whicu/hsa/internal/application/finish_invite_registration.go:198.49,201.3 2 0
github.com/whicu/hsa/internal/application/finish_invite_registration.go:203.2,203.17 1 2
github.com/whicu/hsa/internal/application/finish_invite_registration.go:206.188,208.16 2 2
github.com/whicu/hsa/internal/application/finish_invite_registration.go:208.16,211.3 2 0
github.com/whicu/hsa/internal/application/finish_invite_registration.go:213.2,213.45 1 2
github.com/whicu/hsa/internal/application/finish_invite_registration.go:213.45,216.3 2 0
github.com/whicu/hsa/internal/application/finish_invite_registration.go:218.2,220.16 3 2
github.com/whicu/hsa/internal/application/finish_invite_registration.go:220.16,223.3 2 0
github.com/whicu/hsa/internal/application/finish_invite_registration.go:224.2,224.63 1 2
github.com/whicu/hsa/internal/application/finish_invite_registration.go:224.63,227.3 2 0
github.com/whicu/hsa/internal/application/finish_invite_registration.go:229.2,229.54 1 2
github.com/whicu/hsa/internal/application/finish_invite_registration.go:229.54,232.3 2 0
github.com/whicu/hsa/internal/application/finish_invite_registration.go:234.2,234.21 1 2
github.com/whicu/hsa/internal/application/finish_invite_registration.go:237.176,239.31 2 2
github.com/whicu/hsa/internal/application/finish_invite_registration.go:239.31,241.18 2 2
github.com/whicu/hsa/internal/application/finish_invite_registration.go:241.18,244.4 2 0
github.com/whicu/hsa/internal/application/finish_invite_registration.go:245.3,245.31 1 2
github.com/whicu/hsa/internal/application/finish_invite_registration.go:248.2,248.54 1 2
github.com/whicu/hsa/internal/application/finish_invite_registration.go:248.54,251.3 2 1
github.com/whicu/hsa/internal/application/finish_invite_registration.go:253.2,253.12 1 1
github.com/whicu/hsa/internal/application/finish_login.go:38.10,47.2 1 9
github.com/whicu/hsa/internal/application/finish_login.go:57.38,59.2 1 15
github.com/whicu/hsa/internal/application/finish_login.go:67.40,69.2 1 15
github.com/whicu/hsa/internal/application/finish_login.go:71.84,77.16 4 7
github.com/whicu/hsa/internal/application/finish_login.go:77.16,82.3 2 1
github.com/whicu/hsa/internal/application/finish_login.go:84.2,89.76 2 6
github.com/whicu/hsa/internal/application/finish_login.go:89.76,91.19 2 6
github.com/whicu/hsa/internal/application/finish_login.go:91.19,92.44 1 2
github.com/whicu/hsa/internal/application/finish_login.go:92.44,97.5 2 1
github.com/whicu/hsa/internal/application/finish_login.go:98.4,102.16 2 1
github.com/whicu/hsa/internal/application/finish_login.go:105.3,105.72 1 4
github.com/whicu/hsa/internal/application/finish_login.go:105.72,112.4 2 0
github.com/whicu/hsa/internal/application/finish_login.go:113.3,113.64 1 4
github.com/whicu/hsa/internal/application/finish_login.go:113.64,120.4 2 1
github.com/whicu/hsa/internal/application/finish_login.go:122.3,123.19 2 3
github.com/whicu/hsa/internal/application/finish_login.go:123.19,129.4 2 2
github.com/whicu/hsa/internal/application/finish_login.go:131.3,133.13 3 1
github.com/whicu/hsa/internal/application/finish_login.go:136.2,136.16 1 6
github.com/whicu/hsa/internal/application/finish_login.go:136.16,142.3 2 5
github.com/whicu/hsa/internal/application/finish_login.go:144.2,149.18 2 1
github.com/whicu/hsa/internal/application/refresh_access_token.go:49.23,63.2 1 13
github.com/whicu/hsa/internal/application/refresh_access_token.go:65.130,71.16 4 13
github.com/whicu/hsa/internal/application/refresh_access_token.go:71.16,73.3 1 6
github.com/whicu/hsa/internal/application/refresh_access_token.go:75.2,76.16 2 7
github.com/whicu/hsa/internal/application/refresh_access_token.go:76.16,83.3 2 6
github.com/whicu/hsa/internal/application/refresh_access_token.go:85.2,91.39 2 1
github.com/whicu/hsa/internal/application/refresh_access_token.go:94.143,96.16 2 13
github.com/whicu/hsa/internal/application/refresh_access_token.go:96.16,101.3 2 1
github.com/whicu/hsa/internal/application/refresh_access_token.go:103.2,104.16 2 12
github.com/whicu/hsa/internal/application/refresh_access_token.go:104.16,105.41 1 2
github.com/whicu/hsa/internal/application/refresh_access_token.go:105.41,108.4 2 1
github.com/whicu/hsa/internal/application/refresh_access_token.go:109.3,112.18 2 1
github.com/whicu/hsa/internal/application/refresh_access_token.go:115.2,115.23 1 10
github.com/whicu/hsa/internal/application/refresh_access_token.go:115.23,121.80 2 2
github.com/whicu/hsa/internal/application/refresh_access_token.go:121.80,127.4 2 1
github.com/whicu/hsa/internal/application/refresh_access_token.go:128.3,128.43 1 1
github.com/whicu/hsa/internal/application/refresh_access_token.go:131.2,131.25 1 8
github.com/whicu/hsa/internal/application/refresh_access_token.go:131.25,137.3 2 1
github.com/whicu/hsa/internal/application/refresh_access_token.go:139.2,139.19 1 7
github.com/whicu/hsa/internal/application/refresh_access_token.go:146.75,147.76 1 7
github.com/whicu/hsa/internal/application/refresh_access_token.go:147.76,148.47 1 6
github.com/whicu/hsa/internal/application/refresh_access_token.go:148.47,154.4 2 0
github.com/whicu/hsa/internal/application/refresh_access_token.go:155.3,155.62 1 6
github.com/whicu/hsa/internal/application/refresh_access_token.go:155.62,161.4 2 1
github.com/whicu/hsa/internal/application/refresh_access_token.go:163.3,164.19 2 5
github.com/whicu/hsa/internal/application/refresh_access_token.go:164.19,170.4 2 1
github.com/whicu/hsa/internal/application/refresh_access_token.go:172.3,178.19 3 4
github.com/whicu/hsa/internal/application/refresh_access_token.go:178.19,184.4 2 1
github.com/whicu/hsa/internal/application/refresh_access_token.go:186.3,186.62 1 3
github.com/whicu/hsa/internal/application/refresh_access_token.go:186.62,192.4 2 1
github.com/whicu/hsa/internal/application/refresh_access_token.go:194.3,195.19 2 2
github.com/whicu/hsa/internal/application/refresh_access_token.go:195.19,201.4 2 1
github.com/whicu/hsa/internal/application/refresh_access_token.go:203.3,206.13 4 1
github.com/whicu/hsa/internal/application/refresh_access_token.go:209.2,209.53 1 7
github.com/whicu/hsa/internal/application/revoke_all_user_sessions.go:32.26,39.2 1 22
github.com/whicu/hsa/internal/application/revoke_all_user_sessions.go:41.93,43.29 2 10
github.com/whicu/hsa/internal/application/revoke_all_user_sessions.go:43.29,45.3 1 14
github.com/whicu/hsa/internal/application/revoke_all_user_sessions.go:47.2,55.77 4 10
github.com/whicu/hsa/internal/application/revoke_all_user_sessions.go:55.77,57.17 2 7
github.com/whicu/hsa/internal/application/revoke_all_user_sessions.go:57.17,63.4 2 1
github.com/whicu/hsa/internal/application/revoke_all_user_sessions.go:65.3,65.28 1 6
github.com/whicu/hsa/internal/application/revoke_all_user_sessions.go:65.28,66.42 1 2
github.com/whicu/hsa/internal/application/revoke_all_user_sessions.go:66.42,73.5 2 0
github.com/whicu/hsa/internal/application/revoke_all_user_sessions.go:76.3,76.57 1 6
github.com/whicu/hsa/internal/application/revoke_all_user_sessions.go:76.57,82.4 2 1
github.com/whicu/hsa/internal/application/revoke_all_user_sessions.go:84.3,85.13 2 5
github.com/whicu/hsa/internal/application/revoke_all_user_sessions.go:88.2,88.16 1 10
github.com/whicu/hsa/internal/application/revoke_all_user_sessions.go:88.16,94.3 2 5
github.com/whicu/hsa/internal/application/revoke_all_user_sessions.go:96.2,102.12 2 5
github.com/whicu/hsa/internal/application/revoke_compromised_chain.go:24.27,30.2 1 4
github.com/whicu/hsa/internal/application/revoke_compromised_chain.go:32.101,38.16 3 4
github.com/whicu/hsa/internal/application/revoke_compromised_chain.go:38.16,44.3 2 1
github.com/whicu/hsa/internal/application/revoke_compromised_chain.go:46.2,50.67 4 3
github.com/whicu/hsa/internal/application/revoke_compromised_chain.go:50.67,58.3 2 1
github.com/whicu/hsa/internal/application/revoke_compromised_chain.go:60.2,66.12 2 2
github.com/whicu/hsa/internal/application/session_issuer.go:39.18,49.2 1 21
github.com/whicu/hsa/internal/application/session_issuer.go:51.154,59.16 3 9
github.com/whicu/hsa/internal/application/session_issuer.go:59.16,65.3 2 2
github.com/whicu/hsa/internal/application/session_issuer.go:67.2,69.16 3 7
github.com/whicu/hsa/internal/application/session_issuer.go:69.16,76.3 2 1
github.com/whicu/hsa/internal/application/session_issuer.go:78.2,78.66 1 6
github.com/whicu/hsa/internal/application/session_issuer.go:78.66,85.3 2 1
github.com/whicu/hsa/internal/application/session_issuer.go:87.2,88.16 2 5
github.com/whicu/hsa/internal/application/session_issuer.go:88.16,95.3 2 2
github.com/whicu/hsa/internal/application/session_issuer.go:97.2,102.32 2 3
github.com/whicu/hsa/internal/domain/credential/credential.go:39.30,40.15 1 108
github.com/whicu/hsa/internal/domain/credential/credential.go:40.15,41.17 1 108
github.com/whicu/hsa/internal/domain/credential/credential.go:41.17,43.4 1 6
github.com/whicu/hsa/internal/domain/credential/credential.go:45.2,45.20 1 108
github.com/whicu/hsa/internal/domain/credential/credential.go:45.20,47.3 1 1
github.com/whicu/hsa/internal/domain/credential/credential.go:48.2,48.26 1 107
github.com/whicu/hsa/internal/domain/credential/credential.go:48.26,50.3 1 2
github.com/whicu/hsa/internal/domain/credential/credential.go:51.2,51.24 1 105
github.com/whicu/hsa/internal/domain/credential/credential.go:51.24,53.3 1 1
github.com/whicu/hsa/internal/domain/credential/credential.go:54.2,54.25 1 104
github.com/whicu/hsa/internal/domain/credential/credential.go:54.25,56.3 1 2
github.com/whicu/hsa/internal/domain/credential/credential.go:57.2,64.8 1 102
github.com/whicu/hsa/internal/domain/credential/credential.go:67.46,67.61 1 101
github.com/whicu/hsa/internal/domain/credential/credential.go:68.46,68.69 1 101
github.com/whicu/hsa/internal/domain/credential/credential.go:69.46,69.65 1 101
github.com/whicu/hsa/internal/domain/credential/credential.go:70.46,70.68 1 101
github.com/whicu/hsa/internal/domain/credential/credential.go:71.46,71.68 1 104
github.com/whicu/hsa/internal/domain/credential/credential.go:72.46,72.69 1 101
github.com/whicu/hsa/internal/domain/credential/credential.go:73.46,73.68 1 101
github.com/whicu/hsa/internal/domain/credential/credential.go:75.51,76.42 1 198
github.com/whicu/hsa/internal/domain/credential/credential.go:76.42,78.3 1 99
github.com/whicu/hsa/internal/domain/credential/credential.go:79.2,80.12 2 99
github.com/whicu/hsa/internal/domain/invite/invite.go:37.26,38.15 1 106
github.com/whicu/hsa/internal/domain/invite/invite.go:38.15,39.17 1 106
github.com/whicu/hsa/internal/domain/invite/invite.go:39.17,41.4 1 3
github.com/whicu/hsa/internal/domain/invite/invite.go:43.2,43.20 1 106
github.com/whicu/hsa/internal/domain/invite/invite.go:43.20,45.3 1 1
github.com/whicu/hsa/internal/domain/invite/invite.go:46.2,46.27 1 105
github.com/whicu/hsa/internal/domain/invite/invite.go:46.27,48.3 1 1
github.com/whicu/hsa/internal/domain/invite/invite.go:49.2,49.20 1 104
github.com/whicu/hsa/internal/domain/invite/invite.go:49.20,51.3 1 1
github.com/whicu/hsa/internal/domain/invite/invite.go:52.2,55.8 1 103
github.com/whicu/hsa/internal/domain/invite/invite.go:57.48,57.63 1 0
github.com/whicu/hsa/internal/domain/invite/invite.go:58.48,58.70 1 0
github.com/whicu/hsa/internal/domain/invite/invite.go:59.48,59.70 1 0
github.com/whicu/hsa/internal/domain/invite/invite.go:60.48,60.81 1 205
github.com/whicu/hsa/internal/domain/invite/invite.go:61.48,61.74 1 6
github.com/whicu/hsa/internal/domain/invite/invite.go:63.62,64.16 1 4
github.com/whicu/hsa/internal/domain/invite/invite.go:64.16,66.3 1 1
github.com/whicu/hsa/internal/domain/invite/invite.go:67.2,67.22 1 3
github.com/whicu/hsa/internal/domain/invite/invite.go:67.22,69.3 1 1
github.com/whicu/hsa/internal/domain/invite/invite.go:70.2,71.12 2 2
github.com/whicu/hsa/internal/domain/invite/policy.go:7.38,9.2 1 101
github.com/whicu/hsa/internal/domain/invite/policy.go:11.49,12.32 1 104
github.com/whicu/hsa/internal/domain/invite/policy.go:12.32,14.3 1 51
github.com/whicu/hsa/internal/domain/invite/policy.go:15.2,15.12 1 53
github.com/whicu/hsa/internal/domain/key/key.go:30.29,30.73 1 108
github.com/whicu/hsa/internal/domain/key/key.go:50.30,51.15 1 107
github.com/whicu/hsa/internal/domain/key/key.go:51.15,52.17 1 107
github.com/whicu/hsa/internal/domain/key/key.go:52.17,54.4 1 5
github.com/whicu/hsa/internal/domain/key/key.go:56.2,56.20 1 107
github.com/whicu/hsa/internal/domain/key/key.go:56.20,58.3 1 1
github.com/whicu/hsa/internal/domain/key/key.go:59.2,59.24 1 106
github.com/whicu/hsa/internal/domain/key/key.go:59.24,61.3 1 1
github.com/whicu/hsa/internal/domain/key/key.go:62.2,62.20 1 105
github.com/whicu/hsa/internal/domain/key/key.go:62.20,64.3 1 1
github.com/whicu/hsa/internal/domain/key/key.go:65.2,65.26 1 104
github.com/whicu/hsa/internal/domain/key/key.go:65.26,67.3 1 1
github.com/whicu/hsa/internal/domain/key/key.go:68.2,68.25 1 103
github.com/whicu/hsa/internal/domain/key/key.go:68.25,70.3 1 1
github.com/whicu/hsa/internal/domain/key/key.go:71.2,75.8 1 102
github.com/whicu/hsa/internal/domain/key/key.go:78.62,78.77 1 100
github.com/whicu/hsa/internal/domain/key/key.go:79.62,79.80 1 100
github.com/whicu/hsa/internal/domain/key/key.go:80.62,80.87 1 100
github.com/whicu/hsa/internal/domain/key/key.go:83.38,84.14 1 3
github.com/whicu/hsa/internal/domain/key/key.go:84.14,86.3 1 1
github.com/whicu/hsa/internal/domain/key/key.go:87.2,88.27 2 2
github.com/whicu/hsa/internal/domain/key/key.go:88.27,90.3 1 1
github.com/whicu/hsa/internal/domain/key/key.go:91.2,91.180 1 2
github.com/whicu/hsa/internal/domain/session/session.go:38.33,39.15 1 108
github.com/whicu/hsa/internal/domain/session/session.go:39.15,40.17 1 108
github.com/whicu/hsa/internal/domain/session/session.go:40.17,42.4 1 3
github.com/whicu/hsa/internal/domain/session/session.go:44.2,44.20 1 108
github.com/whicu/hsa/internal/domain/session/session.go:44.20,46.3 1 1
github.com/whicu/hsa/internal/domain/session/session.go:47.2,47.24 1 107
github.com/whicu/hsa/internal/domain/session/session.go:47.24,49.3 1 1
github.com/whicu/hsa/internal/domain/session/session.go:50.2,50.21 1 106
github.com/whicu/hsa/internal/domain/session/session.go:50.21,52.3 1 1
github.com/whicu/hsa/internal/domain/session/session.go:53.2,57.8 1 105
github.com/whicu/hsa/internal/domain/session/session.go:60.45,60.60 1 0
github.com/whicu/hsa/internal/domain/session/session.go:61.45,61.64 1 0
github.com/whicu/hsa/internal/domain/session/session.go:62.45,62.68 1 0
github.com/whicu/hsa/internal/domain/session/session.go:63.45,63.67 1 0
github.com/whicu/hsa/internal/domain/session/session.go:64.45,64.74 1 0
github.com/whicu/hsa/internal/domain/session/session.go:66.52,68.2 1 103
github.com/whicu/hsa/internal/domain/session/session.go:70.52,71.24 1 59
github.com/whicu/hsa/internal/domain/session/session.go:71.24,73.3 1 1
github.com/whicu/hsa/internal/domain/session/session.go:74.2,75.12 2 58
github.com/whicu/hsa/internal/domain/session/session.go:79.40,80.14 1 2
github.com/whicu/hsa/internal/domain/session/session.go:80.14,82.3 1 1
github.com/whicu/hsa/internal/domain/session/session.go:83.2,83.241 1 1
github.com/whicu/hsa/internal/domain/user/user.go:18.46,20.16 2 100
github.com/whicu/hsa/internal/domain/user/user.go:20.16,22.3 1 0
github.com/whicu/hsa/internal/domain/user/user.go:23.2,23.16 1 100
github.com/whicu/hsa/internal/domain/user/user.go:32.81,33.15 1 104
github.com/whicu/hsa/internal/domain/user/user.go:33.15,34.17 1 104
github.com/whicu/hsa/internal/domain/user/user.go:34.17,36.4 1 3
github.com/whicu/hsa/internal/domain/user/user.go:38.2,38.20 1 104
github.com/whicu/hsa/internal/domain/user/user.go:38.20,40.3 1 2
github.com/whicu/hsa/internal/domain/user/user.go:41.2,41.27 1 102
github.com/whicu/hsa/internal/domain/user/user.go:41.27,43.3 1 1
github.com/whicu/hsa/internal/domain/user/user.go:44.2,44.72 1 101
github.com/whicu/hsa/internal/domain/user/user.go:47.67,48.15 1 102
github.com/whicu/hsa/internal/domain/user/user.go:48.15,49.17 1 102
github.com/whicu/hsa/internal/domain/user/user.go:49.17,51.4 1 1
github.com/whicu/hsa/internal/domain/user/user.go:53.2,53.20 1 102
github.com/whicu/hsa/internal/domain/user/user.go:53.20,55.3 1 1
github.com/whicu/hsa/internal/domain/user/user.go:56.2,56.65 1 101
github.com/whicu/hsa/internal/domain/user/user.go:59.38,59.53 1 202
github.com/whicu/hsa/internal/domain/user/user.go:60.38,60.60 1 203
github.com/whicu/hsa/internal/domain/user/user.go:61.38,61.67 1 202
github.com/whicu/hsa/internal/domain/user/user.go:62.38,62.60 1 102
github.com/whicu/hsa/internal/infrastructure/auth/webauthn/authenticator.go:43.18,45.2 1 9
github.com/whicu/hsa/internal/infrastructure/auth/webauthn/authenticator.go:47.76,53.16 3 5
github.com/whicu/hsa/internal/infrastructure/auth/webauthn/authenticator.go:53.16,56.3 2 0
github.com/whicu/hsa/internal/infrastructure/auth/webauthn/authenticator.go:58.2,59.16 2 5
github.com/whicu/hsa/internal/infrastructure/auth/webauthn/authenticator.go:59.16,62.3 2 1
github.com/whicu/hsa/internal/infrastructure/auth/webauthn/authenticator.go:64.2,65.16 2 4
github.com/whicu/hsa/internal/infrastructure/auth/webauthn/authenticator.go:65.16,68.3 2 0
github.com/whicu/hsa/internal/infrastructure/auth/webauthn/authenticator.go:70.2,71.29 2 4
github.com/whicu/hsa/internal/infrastructure/auth/webauthn/authenticator.go:74.135,78.69 3 4
github.com/whicu/hsa/internal/infrastructure/auth/webauthn/authenticator.go:78.69,81.3 2 3
github.com/whicu/hsa/internal/infrastructure/auth/webauthn/authenticator.go:83.2,84.16 2 1
github.com/whicu/hsa/internal/infrastructure/auth/webauthn/authenticator.go:84.16,87.3 2 1
github.com/whicu/hsa/internal/infrastructure/auth/webauthn/authenticator.go:89.2,92.55 2 0
github.com/whicu/hsa/internal/infrastructure/auth/webauthn/authenticator.go:92.55,94.23 2 0
github.com/whicu/hsa/internal/infrastructure/auth/webauthn/authenticator.go:94.23,99.5 2 0
github.com/whicu/hsa/internal/infrastructure/auth/webauthn/authenticator.go:100.4,103.22 3 0
github.com/whicu/hsa/internal/infrastructure/auth/webauthn/authenticator.go:103.22,109.5 2 0
github.com/whicu/hsa/internal/infrastructure/auth/webauthn/authenticator.go:111.4,112.28 2 0
github.com/whicu/hsa/internal/infrastructure/auth/webauthn/authenticator.go:112.28,114.5 1 0
github.com/whicu/hsa/internal/infrastructure/auth/webauthn/authenticator.go:116.4,119.10 1 0
github.com/whicu/hsa/internal/infrastructure/auth/webauthn/authenticator.go:124.2,124.16 1 0
github.com/whicu/hsa/internal/infrastructure/auth/webauthn/authenticator.go:124.16,129.3 2 0
github.com/whicu/hsa/internal/infrastructure/auth/webauthn/authenticator.go:131.2,140.8 2 0
github.com/whicu/hsa/internal/infrastructure/auth/webauthn/authenticator.go:143.75,151.2 1 0
github.com/whicu/hsa/internal/infrastructure/auth/webauthn/registrator.go:37.70,37.88 1 10
github.com/whicu/hsa/internal/infrastructure/auth/webauthn/registrator.go:38.70,38.94 1 5
github.com/whicu/hsa/internal/infrastructure/auth/webauthn/registrator.go:39.70,39.94 1 5
github.com/whicu/hsa/internal/infrastructure/auth/webauthn/registrator.go:40.70,40.94 1 0
github.com/whicu/hsa/internal/infrastructure/auth/webauthn/registrator.go:49.122,51.2 1 10
github.com/whicu/hsa/internal/infrastructure/auth/webauthn/registrator.go:53.129,71.16 4 5
github.com/whicu/hsa/internal/infrastructure/auth/webauthn/registrator.go:71.16,78.3 2 0
github.com/whicu/hsa/internal/infrastructure/auth/webauthn/registrator.go:80.2,85.16 2 5
github.com/whicu/hsa/internal/infrastructure/auth/webauthn/registrator.go:85.16,92.3 2 1
github.com/whicu/hsa/internal/infrastructure/auth/webauthn/registrator.go:94.2,95.16 2 4
github.com/whicu/hsa/internal/infrastructure/auth/webauthn/registrator.go:95.16,102.3 2 0
github.com/whicu/hsa/internal/infrastructure/auth/webauthn/registrator.go:104.2,109.29 2 4
github.com/whicu/hsa/internal/infrastructure/auth/webauthn/registrator.go:112.131,116.69 3 5
github.com/whicu/hsa/internal/infrastructure/auth/webauthn/registrator.go:116.69,121.3 2 3
github.com/whicu/hsa/internal/infrastructure/auth/webauthn/registrator.go:123.2,124.16 2 2
github.com/whicu/hsa/internal/infrastructure/auth/webauthn/registrator.go:124.16,131.3 2 2
github.com/whicu/hsa/internal/infrastructure/auth/webauthn/registrator.go:133.2,135.16 3 0
github.com/whicu/hsa/internal/infrastructure/auth/webauthn/registrator.go:135.16,142.3 2 0
github.com/whicu/hsa/internal/infrastructure/auth/webauthn/registrator.go:143.2,146.35 3 0
github.com/whicu/hsa/internal/infrastructure/auth/webauthn/registrator.go:146.35,148.3 1 0
github.com/whicu/hsa/internal/infrastructure/auth/webauthn/registrator.go:150.2,164.8 2 0
github.com/whicu/hsa/internal/infrastructure/auth/webauthn/registrator.go:167.82,169.9 2 0
github.com/whicu/hsa/internal/infrastructure/auth/webauthn/registrator.go:169.9,171.3 1 0
github.com/whicu/hsa/internal/infrastructure/auth/webauthn/registrator.go:172.2,173.9 2 0
github.com/whicu/hsa/internal/infrastructure/auth/webauthn/registrator.go:173.9,175.3 1 0
github.com/whicu/hsa/internal/infrastructure/auth/webauthn/registrator.go:176.2,177.22 2 0
github.com/whicu/hsa/internal/infrastructure/crypto/secret_codec.go:20.67,22.2 1 9
github.com/whicu/hsa/internal/infrastructure/crypto/secret_codec.go:24.79,26.16 2 6
github.com/whicu/hsa/internal/infrastructure/crypto/secret_codec.go:26.16,28.3 1 1
github.com/whicu/hsa/internal/infrastructure/crypto/secret_codec.go:30.2,34.48 4 5
github.com/whicu/hsa/internal/infrastructure/crypto/secret_codec.go:37.63,41.16 3 6
github.com/whicu/hsa/internal/infrastructure/crypto/secret_codec.go:41.16,42.58 1 3
github.com/whicu/hsa/internal/infrastructure/crypto/secret_codec.go:42.58,44.4 1 1
github.com/whicu/hsa/internal/infrastructure/crypto/secret_codec.go:45.3,45.27 1 2
github.com/whicu/hsa/internal/infrastructure/crypto/secret_codec.go:48.2,49.16 2 3
github.com/whicu/hsa/internal/infrastructure/crypto/secret_codec.go:49.16,51.3 1 1
github.com/whicu/hsa/internal/infrastructure/crypto/secret_codec.go:53.2,53.41 1 2
github.com/whicu/hsa/internal/infrastructure/crypto/secret_manager.go:17.56,19.2 1 16
github.com/whicu/hsa/internal/infrastructure/crypto/secret_manager.go:22.42,23.15 1 2
github.com/whicu/hsa/internal/infrastructure/crypto/secret_manager.go:23.15,25.3 1 1
github.com/whicu/hsa/internal/infrastructure/crypto/secret_manager.go:26.2,26.51 1 1
github.com/whicu/hsa/internal/infrastructure/crypto/secret_manager.go:29.67,31.2 1 0
github.com/whicu/hsa/internal/infrastructure/crypto/secret_manager.go:33.79,35.2 1 60
github.com/whicu/hsa/internal/infrastructure/crypto/secret_manager.go:37.50,38.24 1 60
github.com/whicu/hsa/internal/infrastructure/crypto/secret_manager.go:38.24,40.3 1 15
github.com/whicu/hsa/internal/infrastructure/crypto/secret_manager.go:41.2,42.42 2 45
github.com/whicu/hsa/internal/infrastructure/crypto/secret_manager.go:42.42,44.3 1 0
github.com/whicu/hsa/internal/infrastructure/crypto/secret_manager.go:45.2,45.37 1 45
github.com/whicu/hsa/internal/infrastructure/crypto/secret_manager.go:48.65,51.16 3 45
github.com/whicu/hsa/internal/infrastructure/crypto/secret_manager.go:51.16,53.3 1 0
github.com/whicu/hsa/internal/infrastructure/crypto/secret_manager.go:54.2,55.17 2 45
github.com/whicu/hsa/internal/infrastructure/crypto/secret_manager.go:58.71,60.16 2 45
github.com/whicu/hsa/internal/infrastructure/crypto/secret_manager.go:60.16,62.3 1 0
github.com/whicu/hsa/internal/infrastructure/crypto/secret_manager.go:63.2,63.37 1 45
github.com/whicu/hsa/internal/infrastructure/crypto/secret_manager.go:66.75,68.16 2 60
github.com/whicu/hsa/internal/infrastructure/crypto/secret_manager.go:68.16,70.3 1 15
github.com/whicu/hsa/internal/infrastructure/crypto/secret_manager.go:71.2,72.16 2 45
github.com/whicu/hsa/internal/infrastructure/crypto/secret_manager.go:72.16,74.3 1 0
github.com/whicu/hsa/internal/infrastructure/crypto/secret_manager.go:75.2,75.23 1 45
github.com/whicu/hsa/pkg/errkit/errmap.go:14.63,15.58 1 0
github.com/whicu/hsa/pkg/errkit/errmap.go:15.58,16.41 1 0
github.com/whicu/hsa/pkg/errkit/errmap.go:16.41,18.4 1 0
github.com/whicu/hsa/pkg/errkit/errmap.go:20.3,21.21 2 0
github.com/whicu/hsa/pkg/errkit/errmap.go:25.65,27.2 1 0
github.com/whicu/hsa/pkg/errkit/errmap.go:29.44,30.30 1 0
github.com/whicu/hsa/pkg/errkit/errmap.go:30.30,31.26 1 0
github.com/whicu/hsa/pkg/errkit/errmap.go:31.26,33.4 1 0
github.com/whicu/hsa/pkg/errkit/errmap.go:36.2,36.28 1 0
github.com/whicu/hsa/pkg/errkit/errmap.go:36.28,38.3 1 0
github.com/whicu/hsa/pkg/errkit/errmap.go:40.2,41.13 2 0
github.com/whicu/hsa/pkg/errkit/error.go:10.32,12.15 2 0
github.com/whicu/hsa/pkg/errkit/error.go:12.15,14.3 1 0
github.com/whicu/hsa/pkg/errkit/error.go:16.2,16.21 1 0
github.com/whicu/hsa/pkg/errkit/error.go:19.46,20.50 1 0
github.com/whicu/hsa/pkg/errkit/error.go:20.50,21.20 1 0
github.com/whicu/hsa/pkg/errkit/error.go:21.20,23.4 1 0
github.com/whicu/hsa/pkg/errkit/error.go:24.3,24.26 1 0
github.com/whicu/hsa/pkg/errkit/error.go:24.26,25.59 1 0
github.com/whicu/hsa/pkg/errkit/error.go:25.59,26.23 1 0
github.com/whicu/hsa/pkg/errkit/error.go:26.23,28.6 1 0
github.com/whicu/hsa/pkg/errkit/error.go:29.10,29.23 1 0
github.com/whicu/hsa/pkg/errkit/error.go:29.23,31.5 1 0
github.com/whicu/hsa/pkg/errkit/error.go:34.3,34.16 1 0
github.com/whicu/hsa/pkg/errkit/error.go:37.2,38.16 2 0
github.com/whicu/hsa/pkg/errkit/error.go:38.16,40.3 1 0
github.com/whicu/hsa/pkg/errkit/error.go:41.2,43.37 2 0
github.com/whicu/hsa/pkg/errkit/error.go:46.34,47.36 1 0
github.com/whicu/hsa/pkg/errkit/error.go:47.36,49.3 1 0
github.com/whicu/hsa/pkg/errkit/error.go:51.2,51.17 1 0
github.com/whicu/hsa/pkg/errkit/format.go:11.40,12.18 1 3
github.com/whicu/hsa/pkg/errkit/format.go:12.18,14.3 1 1
github.com/whicu/hsa/pkg/errkit/format.go:16.2,20.25 4 2
github.com/whicu/hsa/pkg/errkit/format.go:20.25,24.3 3 2
github.com/whicu/hsa/pkg/errkit/format.go:25.2,27.19 2 2
github.com/whicu/hsa/pkg/errkit/group.go:14.32,17.16 3 0
github.com/whicu/hsa/pkg/errkit/group.go:17.16,19.3 1 0
github.com/whicu/hsa/pkg/errkit/group.go:20.2,20.28 1 0
github.com/whicu/hsa/pkg/errkit/group.go:23.36,24.17 1 0
github.com/whicu/hsa/pkg/errkit/group.go:24.17,25.29 1 0
github.com/whicu/hsa/pkg/errkit/group.go:25.29,27.4 1 0
github.com/whicu/hsa/pkg/errkit/group.go:31.41,35.2 3 0
github.com/whicu/hsa/pkg/errkit/group.go:37.30,44.26 6 0
github.com/whicu/hsa/pkg/errkit/group.go:44.26,45.29 1 0
github.com/whicu/hsa/pkg/errkit/group.go:45.29,47.4 1 0
github.com/whicu/hsa/pkg/errkit/group.go:50.2,52.18 3 0
github.com/whicu/hsa/pkg/errkit/group.go:52.18,54.3 1 0
github.com/whicu/hsa/pkg/errkit/group.go:55.2,55.14 1 0
